<?xml version="1.0" encoding="UTF-8"?>
<testsuite xmlns:xsi="http://www.w3.org/2001/XMLSchema-instance" xsi:noNamespaceSchemaLocation="https://maven.apache.org/surefire/maven-surefire-plugin/xsd/surefire-test-report-3.0.xsd" version="3.0" name="TestSuite" time="28.209" tests="9" errors="0" skipped="0" failures="0">
  <properties>
    <property name="java.specification.version" value="17"/>
    <property name="sun.cpu.isalist" value="amd64"/>
    <property name="sun.jnu.encoding" value="Cp1252"/>
    <property name="java.class.path" value="C:\Users\New User\eclipse-workspace1\LeadRat_Automation\target\test-classes;C:\Users\New User\eclipse-workspace1\LeadRat_Automation\target\classes;C:\Users\New User\.m2\repository\org\seleniumhq\selenium\selenium-java\4.15.0\selenium-java-4.15.0.jar;C:\Users\New User\.m2\repository\org\seleniumhq\selenium\selenium-api\4.15.0\selenium-api-4.15.0.jar;C:\Users\New User\.m2\repository\org\seleniumhq\selenium\selenium-chrome-driver\4.15.0\selenium-chrome-driver-4.15.0.jar;C:\Users\New User\.m2\repository\com\google\auto\service\auto-service-annotations\1.1.1\auto-service-annotations-1.1.1.jar;C:\Users\New User\.m2\repository\org\seleniumhq\selenium\selenium-chromium-driver\4.15.0\selenium-chromium-driver-4.15.0.jar;C:\Users\New User\.m2\repository\org\seleniumhq\selenium\selenium-json\4.15.0\selenium-json-4.15.0.jar;C:\Users\New User\.m2\repository\org\seleniumhq\selenium\selenium-manager\4.15.0\selenium-manager-4.15.0.jar;C:\Users\New User\.m2\repository\org\seleniumhq\selenium\selenium-devtools-v117\4.15.0\selenium-devtools-v117-4.15.0.jar;C:\Users\New User\.m2\repository\org\seleniumhq\selenium\selenium-devtools-v118\4.15.0\selenium-devtools-v118-4.15.0.jar;C:\Users\New User\.m2\repository\org\seleniumhq\selenium\selenium-devtools-v119\4.15.0\selenium-devtools-v119-4.15.0.jar;C:\Users\New User\.m2\repository\org\seleniumhq\selenium\selenium-devtools-v85\4.15.0\selenium-devtools-v85-4.15.0.jar;C:\Users\New User\.m2\repository\org\seleniumhq\selenium\selenium-edge-driver\4.15.0\selenium-edge-driver-4.15.0.jar;C:\Users\New User\.m2\repository\org\seleniumhq\selenium\selenium-firefox-driver\4.15.0\selenium-firefox-driver-4.15.0.jar;C:\Users\New User\.m2\repository\org\seleniumhq\selenium\selenium-http\4.15.0\selenium-http-4.15.0.jar;C:\Users\New User\.m2\repository\dev\failsafe\failsafe\3.3.2\failsafe-3.3.2.jar;C:\Users\New User\.m2\repository\org\seleniumhq\selenium\selenium-ie-driver\4.15.0\selenium-ie-driver-4.15.0.jar;C:\Users\New User\.m2\repository\org\seleniumhq\selenium\selenium-remote-driver\4.15.0\selenium-remote-driver-4.15.0.jar;C:\Users\New User\.m2\repository\com\google\guava\guava\32.1.2-jre\guava-32.1.2-jre.jar;C:\Users\New User\.m2\repository\com\google\guava\failureaccess\1.0.1\failureaccess-1.0.1.jar;C:\Users\New User\.m2\repository\com\google\guava\listenablefuture\9999.0-empty-to-avoid-conflict-with-guava\listenablefuture-9999.0-empty-to-avoid-conflict-with-guava.jar;C:\Users\New User\.m2\repository\org\checkerframework\checker-qual\3.33.0\checker-qual-3.33.0.jar;C:\Users\New User\.m2\repository\com\google\errorprone\error_prone_annotations\2.18.0\error_prone_annotations-2.18.0.jar;C:\Users\New User\.m2\repository\com\google\j2objc\j2objc-annotations\2.8\j2objc-annotations-2.8.jar;C:\Users\New User\.m2\repository\io\opentelemetry\opentelemetry-api\1.28.0\opentelemetry-api-1.28.0.jar;C:\Users\New User\.m2\repository\io\opentelemetry\opentelemetry-context\1.28.0\opentelemetry-context-1.28.0.jar;C:\Users\New User\.m2\repository\io\opentelemetry\opentelemetry-exporter-logging\1.28.0\opentelemetry-exporter-logging-1.28.0.jar;C:\Users\New User\.m2\repository\io\opentelemetry\opentelemetry-sdk-metrics\1.28.0\opentelemetry-sdk-metrics-1.28.0.jar;C:\Users\New User\.m2\repository\io\opentelemetry\opentelemetry-extension-incubator\1.28.0-alpha\opentelemetry-extension-incubator-1.28.0-alpha.jar;C:\Users\New User\.m2\repository\io\opentelemetry\opentelemetry-sdk-logs\1.28.0\opentelemetry-sdk-logs-1.28.0.jar;C:\Users\New User\.m2\repository\io\opentelemetry\opentelemetry-sdk-common\1.28.0\opentelemetry-sdk-common-1.28.0.jar;C:\Users\New User\.m2\repository\io\opentelemetry\opentelemetry-sdk-extension-autoconfigure-spi\1.28.0\opentelemetry-sdk-extension-autoconfigure-spi-1.28.0.jar;C:\Users\New User\.m2\repository\io\opentelemetry\opentelemetry-sdk-extension-autoconfigure\1.28.0\opentelemetry-sdk-extension-autoconfigure-1.28.0.jar;C:\Users\New User\.m2\repository\io\opentelemetry\opentelemetry-api-events\1.28.0-alpha\opentelemetry-api-events-1.28.0-alpha.jar;C:\Users\New User\.m2\repository\io\opentelemetry\opentelemetry-sdk-trace\1.28.0\opentelemetry-sdk-trace-1.28.0.jar;C:\Users\New User\.m2\repository\io\opentelemetry\opentelemetry-sdk\1.28.0\opentelemetry-sdk-1.28.0.jar;C:\Users\New User\.m2\repository\io\opentelemetry\opentelemetry-semconv\1.28.0-alpha\opentelemetry-semconv-1.28.0-alpha.jar;C:\Users\New User\.m2\repository\net\bytebuddy\byte-buddy\1.14.5\byte-buddy-1.14.5.jar;C:\Users\New User\.m2\repository\org\seleniumhq\selenium\selenium-os\4.15.0\selenium-os-4.15.0.jar;C:\Users\New User\.m2\repository\org\apache\commons\commons-exec\1.3\commons-exec-1.3.jar;C:\Users\New User\.m2\repository\org\seleniumhq\selenium\selenium-safari-driver\4.15.0\selenium-safari-driver-4.15.0.jar;C:\Users\New User\.m2\repository\org\seleniumhq\selenium\selenium-support\4.15.0\selenium-support-4.15.0.jar;C:\Users\New User\.m2\repository\org\projectlombok\lombok\1.18.30\lombok-1.18.30.jar;C:\Users\New User\.m2\repository\junit\junit\4.13.2\junit-4.13.2.jar;C:\Users\New User\.m2\repository\org\hamcrest\hamcrest-core\1.3\hamcrest-core-1.3.jar;C:\Users\New User\.m2\repository\org\testng\testng\7.4.0\testng-7.4.0.jar;C:\Users\New User\.m2\repository\com\beust\jcommander\1.78\jcommander-1.78.jar;C:\Users\New User\.m2\repository\org\webjars\jquery\3.5.1\jquery-3.5.1.jar;C:\Users\New User\.m2\repository\org\apache\poi\poi\5.2.3\poi-5.2.3.jar;C:\Users\New User\.m2\repository\commons-codec\commons-codec\1.15\commons-codec-1.15.jar;C:\Users\New User\.m2\repository\org\apache\commons\commons-collections4\4.4\commons-collections4-4.4.jar;C:\Users\New User\.m2\repository\org\apache\commons\commons-math3\3.6.1\commons-math3-3.6.1.jar;C:\Users\New User\.m2\repository\com\zaxxer\SparseBitSet\1.2\SparseBitSet-1.2.jar;C:\Users\New User\.m2\repository\org\apache\poi\poi-ooxml\5.2.3\poi-ooxml-5.2.3.jar;C:\Users\New User\.m2\repository\org\apache\poi\poi-ooxml-lite\5.2.3\poi-ooxml-lite-5.2.3.jar;C:\Users\New User\.m2\repository\org\apache\xmlbeans\xmlbeans\5.1.1\xmlbeans-5.1.1.jar;C:\Users\New User\.m2\repository\org\apache\commons\commons-compress\1.21\commons-compress-1.21.jar;C:\Users\New User\.m2\repository\com\github\virtuald\curvesapi\1.07\curvesapi-1.07.jar;C:\Users\New User\.m2\repository\com\aventstack\extentreports\5.1.1\extentreports-5.1.1.jar;C:\Users\New User\.m2\repository\io\reactivex\rxjava3\rxjava\3.1.6\rxjava-3.1.6.jar;C:\Users\New User\.m2\repository\org\reactivestreams\reactive-streams\1.0.4\reactive-streams-1.0.4.jar;C:\Users\New User\.m2\repository\org\freemarker\freemarker\2.3.32\freemarker-2.3.32.jar;C:\Users\New User\.m2\repository\com\google\code\gson\gson\2.10.1\gson-2.10.1.jar;C:\Users\New User\.m2\repository\org\apache\commons\commons-lang3\3.12.0\commons-lang3-3.12.0.jar;C:\Users\New User\.m2\repository\commons-io\commons-io\2.13.0\commons-io-2.13.0.jar;C:\Users\New User\.m2\repository\org\sikuli\sikuli-api\1.2.0\sikuli-api-1.2.0.jar;C:\Users\New User\.m2\repository\org\sikuli\sikuli-core\1.2.2\sikuli-core-1.2.2.jar;C:\Users\New User\.m2\repository\org\bytedeco\javacpp\0.9\javacpp-0.9.jar;C:\Users\New User\.m2\repository\org\bytedeco\javacpp-presets\opencv\2.4.9-0.9\opencv-2.4.9-0.9.jar;C:\Users\New User\.m2\repository\org\piccolo2d\piccolo2d-extras\1.3.1\piccolo2d-extras-1.3.1.jar;C:\Users\New User\.m2\repository\org\piccolo2d\piccolo2d-core\1.3.1\piccolo2d-core-1.3.1.jar;C:\Users\New User\.m2\repository\org\slf4j\slf4j-api\1.6.6\slf4j-api-1.6.6.jar;C:\Users\New User\.m2\repository\org\apache\logging\log4j\log4j-api\2.22.1\log4j-api-2.22.1.jar;C:\Users\New User\.m2\repository\org\apache\logging\log4j\log4j-core\2.22.1\log4j-core-2.22.1.jar;C:\Users\New User\.m2\repository\io\rest-assured\rest-assured\5.3.2\rest-assured-5.3.2.jar;C:\Users\New User\.m2\repository\org\apache\groovy\groovy\4.0.11\groovy-4.0.11.jar;C:\Users\New User\.m2\repository\org\apache\groovy\groovy-xml\4.0.11\groovy-xml-4.0.11.jar;C:\Users\New User\.m2\repository\org\apache\httpcomponents\httpclient\4.5.13\httpclient-4.5.13.jar;C:\Users\New User\.m2\repository\org\apache\httpcomponents\httpcore\4.4.13\httpcore-4.4.13.jar;C:\Users\New User\.m2\repository\commons-logging\commons-logging\1.2\commons-logging-1.2.jar;C:\Users\New User\.m2\repository\org\apache\httpcomponents\httpmime\4.5.13\httpmime-4.5.13.jar;C:\Users\New User\.m2\repository\org\hamcrest\hamcrest\2.2\hamcrest-2.2.jar;C:\Users\New User\.m2\repository\org\ccil\cowan\tagsoup\tagsoup\1.2.1\tagsoup-1.2.1.jar;C:\Users\New User\.m2\repository\io\rest-assured\xml-path\5.3.2\xml-path-5.3.2.jar;C:\Users\New User\.m2\repository\io\rest-assured\json-path\5.3.2\json-path-5.3.2.jar;C:\Users\New User\.m2\repository\org\apache\groovy\groovy-json\4.0.11\groovy-json-4.0.11.jar;C:\Users\New User\.m2\repository\io\rest-assured\rest-assured-common\5.3.2\rest-assured-common-5.3.2.jar;C:\Users\New User\.m2\repository\org\json\json\20231013\json-20231013.jar;C:\Users\New User\.m2\repository\com\github\scribejava\scribejava-apis\8.3.1\scribejava-apis-8.3.1.jar;C:\Users\New User\.m2\repository\com\github\scribejava\scribejava-core\8.3.1\scribejava-core-8.3.1.jar;C:\Users\New User\.m2\repository\com\github\scribejava\scribejava-java8\8.3.1\scribejava-java8-8.3.1.jar;C:\Users\New User\.m2\repository\com\fasterxml\jackson\core\jackson-databind\2.12.3\jackson-databind-2.12.3.jar;C:\Users\New User\.m2\repository\com\fasterxml\jackson\core\jackson-annotations\2.12.3\jackson-annotations-2.12.3.jar;C:\Users\New User\.m2\repository\com\fasterxml\jackson\core\jackson-core\2.12.3\jackson-core-2.12.3.jar;C:\Users\New User\.m2\repository\io\rest-assured\json-schema-validator\5.1.1\json-schema-validator-5.1.1.jar;C:\Users\New User\.m2\repository\com\github\java-json-tools\json-schema-validator\2.2.14\json-schema-validator-2.2.14.jar;C:\Users\New User\.m2\repository\com\github\java-json-tools\jackson-coreutils-equivalence\1.0\jackson-coreutils-equivalence-1.0.jar;C:\Users\New User\.m2\repository\com\github\java-json-tools\jackson-coreutils\2.0\jackson-coreutils-2.0.jar;C:\Users\New User\.m2\repository\com\github\java-json-tools\msg-simple\1.2\msg-simple-1.2.jar;C:\Users\New User\.m2\repository\com\github\java-json-tools\btf\1.3\btf-1.3.jar;C:\Users\New User\.m2\repository\com\github\java-json-tools\json-schema-core\1.2.14\json-schema-core-1.2.14.jar;C:\Users\New User\.m2\repository\com\github\java-json-tools\uri-template\0.10\uri-template-0.10.jar;C:\Users\New User\.m2\repository\org\mozilla\rhino\1.7.7.2\rhino-1.7.7.2.jar;C:\Users\New User\.m2\repository\com\sun\mail\mailapi\1.6.2\mailapi-1.6.2.jar;C:\Users\New User\.m2\repository\joda-time\joda-time\2.10.5\joda-time-2.10.5.jar;C:\Users\New User\.m2\repository\com\googlecode\libphonenumber\libphonenumber\8.11.1\libphonenumber-8.11.1.jar;C:\Users\New User\.m2\repository\com\google\code\findbugs\jsr305\3.0.2\jsr305-3.0.2.jar;C:\Users\New User\.m2\repository\net\sf\jopt-simple\jopt-simple\5.0.4\jopt-simple-5.0.4.jar;C:\Users\New User\.m2\repository\com\github\javafaker\javafaker\1.0.2\javafaker-1.0.2.jar;C:\Users\New User\.m2\repository\org\yaml\snakeyaml\1.23\snakeyaml-1.23-android.jar;C:\Users\New User\.m2\repository\com\github\mifmif\generex\1.0.2\generex-1.0.2.jar;C:\Users\New User\.m2\repository\dk\brics\automaton\automaton\1.11-8\automaton-1.11-8.jar;C:\Users\New User\.m2\repository\com\sun\mail\javax.mail\1.6.2\javax.mail-1.6.2.jar;C:\Users\New User\.m2\repository\javax\activation\activation\1.1\activation-1.1.jar;C:\Users\New User\.m2\repository\io\appium\java-client\9.0.0\java-client-9.0.0.jar;"/>
    <property name="java.vm.vendor" value="Oracle Corporation"/>
    <property name="sun.arch.data.model" value="64"/>
    <property name="user.variant" value=""/>
    <property name="java.vendor.url" value="https://java.oracle.com/"/>
    <property name="user.timezone" value="Asia/Calcutta"/>
    <property name="os.name" value="Windows 11"/>
    <property name="java.vm.specification.version" value="17"/>
    <property name="sun.java.launcher" value="SUN_STANDARD"/>
    <property name="user.country" value="IN"/>
    <property name="sun.boot.library.path" value="C:\Program Files\Java\jdk-17\bin"/>
    <property name="sun.java.command" value="C:\Users\New User\AppData\Local\Temp\surefire14077804284898234896\surefirebooter-20240525113144912_3.jar C:\Users\New User\AppData\Local\Temp\surefire14077804284898234896 2024-05-25T11-31-44_420-jvmRun1 surefire-20240525113144912_1tmp surefire_0-20240525113144912_2tmp"/>
    <property name="jdk.debug" value="release"/>
    <property name="surefire.test.class.path" value="C:\Users\New User\eclipse-workspace1\LeadRat_Automation\target\test-classes;C:\Users\New User\eclipse-workspace1\LeadRat_Automation\target\classes;C:\Users\New User\.m2\repository\org\seleniumhq\selenium\selenium-java\4.15.0\selenium-java-4.15.0.jar;C:\Users\New User\.m2\repository\org\seleniumhq\selenium\selenium-api\4.15.0\selenium-api-4.15.0.jar;C:\Users\New User\.m2\repository\org\seleniumhq\selenium\selenium-chrome-driver\4.15.0\selenium-chrome-driver-4.15.0.jar;C:\Users\New User\.m2\repository\com\google\auto\service\auto-service-annotations\1.1.1\auto-service-annotations-1.1.1.jar;C:\Users\New User\.m2\repository\org\seleniumhq\selenium\selenium-chromium-driver\4.15.0\selenium-chromium-driver-4.15.0.jar;C:\Users\New User\.m2\repository\org\seleniumhq\selenium\selenium-json\4.15.0\selenium-json-4.15.0.jar;C:\Users\New User\.m2\repository\org\seleniumhq\selenium\selenium-manager\4.15.0\selenium-manager-4.15.0.jar;C:\Users\New User\.m2\repository\org\seleniumhq\selenium\selenium-devtools-v117\4.15.0\selenium-devtools-v117-4.15.0.jar;C:\Users\New User\.m2\repository\org\seleniumhq\selenium\selenium-devtools-v118\4.15.0\selenium-devtools-v118-4.15.0.jar;C:\Users\New User\.m2\repository\org\seleniumhq\selenium\selenium-devtools-v119\4.15.0\selenium-devtools-v119-4.15.0.jar;C:\Users\New User\.m2\repository\org\seleniumhq\selenium\selenium-devtools-v85\4.15.0\selenium-devtools-v85-4.15.0.jar;C:\Users\New User\.m2\repository\org\seleniumhq\selenium\selenium-edge-driver\4.15.0\selenium-edge-driver-4.15.0.jar;C:\Users\New User\.m2\repository\org\seleniumhq\selenium\selenium-firefox-driver\4.15.0\selenium-firefox-driver-4.15.0.jar;C:\Users\New User\.m2\repository\org\seleniumhq\selenium\selenium-http\4.15.0\selenium-http-4.15.0.jar;C:\Users\New User\.m2\repository\dev\failsafe\failsafe\3.3.2\failsafe-3.3.2.jar;C:\Users\New User\.m2\repository\org\seleniumhq\selenium\selenium-ie-driver\4.15.0\selenium-ie-driver-4.15.0.jar;C:\Users\New User\.m2\repository\org\seleniumhq\selenium\selenium-remote-driver\4.15.0\selenium-remote-driver-4.15.0.jar;C:\Users\New User\.m2\repository\com\google\guava\guava\32.1.2-jre\guava-32.1.2-jre.jar;C:\Users\New User\.m2\repository\com\google\guava\failureaccess\1.0.1\failureaccess-1.0.1.jar;C:\Users\New User\.m2\repository\com\google\guava\listenablefuture\9999.0-empty-to-avoid-conflict-with-guava\listenablefuture-9999.0-empty-to-avoid-conflict-with-guava.jar;C:\Users\New User\.m2\repository\org\checkerframework\checker-qual\3.33.0\checker-qual-3.33.0.jar;C:\Users\New User\.m2\repository\com\google\errorprone\error_prone_annotations\2.18.0\error_prone_annotations-2.18.0.jar;C:\Users\New User\.m2\repository\com\google\j2objc\j2objc-annotations\2.8\j2objc-annotations-2.8.jar;C:\Users\New User\.m2\repository\io\opentelemetry\opentelemetry-api\1.28.0\opentelemetry-api-1.28.0.jar;C:\Users\New User\.m2\repository\io\opentelemetry\opentelemetry-context\1.28.0\opentelemetry-context-1.28.0.jar;C:\Users\New User\.m2\repository\io\opentelemetry\opentelemetry-exporter-logging\1.28.0\opentelemetry-exporter-logging-1.28.0.jar;C:\Users\New User\.m2\repository\io\opentelemetry\opentelemetry-sdk-metrics\1.28.0\opentelemetry-sdk-metrics-1.28.0.jar;C:\Users\New User\.m2\repository\io\opentelemetry\opentelemetry-extension-incubator\1.28.0-alpha\opentelemetry-extension-incubator-1.28.0-alpha.jar;C:\Users\New User\.m2\repository\io\opentelemetry\opentelemetry-sdk-logs\1.28.0\opentelemetry-sdk-logs-1.28.0.jar;C:\Users\New User\.m2\repository\io\opentelemetry\opentelemetry-sdk-common\1.28.0\opentelemetry-sdk-common-1.28.0.jar;C:\Users\New User\.m2\repository\io\opentelemetry\opentelemetry-sdk-extension-autoconfigure-spi\1.28.0\opentelemetry-sdk-extension-autoconfigure-spi-1.28.0.jar;C:\Users\New User\.m2\repository\io\opentelemetry\opentelemetry-sdk-extension-autoconfigure\1.28.0\opentelemetry-sdk-extension-autoconfigure-1.28.0.jar;C:\Users\New User\.m2\repository\io\opentelemetry\opentelemetry-api-events\1.28.0-alpha\opentelemetry-api-events-1.28.0-alpha.jar;C:\Users\New User\.m2\repository\io\opentelemetry\opentelemetry-sdk-trace\1.28.0\opentelemetry-sdk-trace-1.28.0.jar;C:\Users\New User\.m2\repository\io\opentelemetry\opentelemetry-sdk\1.28.0\opentelemetry-sdk-1.28.0.jar;C:\Users\New User\.m2\repository\io\opentelemetry\opentelemetry-semconv\1.28.0-alpha\opentelemetry-semconv-1.28.0-alpha.jar;C:\Users\New User\.m2\repository\net\bytebuddy\byte-buddy\1.14.5\byte-buddy-1.14.5.jar;C:\Users\New User\.m2\repository\org\seleniumhq\selenium\selenium-os\4.15.0\selenium-os-4.15.0.jar;C:\Users\New User\.m2\repository\org\apache\commons\commons-exec\1.3\commons-exec-1.3.jar;C:\Users\New User\.m2\repository\org\seleniumhq\selenium\selenium-safari-driver\4.15.0\selenium-safari-driver-4.15.0.jar;C:\Users\New User\.m2\repository\org\seleniumhq\selenium\selenium-support\4.15.0\selenium-support-4.15.0.jar;C:\Users\New User\.m2\repository\org\projectlombok\lombok\1.18.30\lombok-1.18.30.jar;C:\Users\New User\.m2\repository\junit\junit\4.13.2\junit-4.13.2.jar;C:\Users\New User\.m2\repository\org\hamcrest\hamcrest-core\1.3\hamcrest-core-1.3.jar;C:\Users\New User\.m2\repository\org\testng\testng\7.4.0\testng-7.4.0.jar;C:\Users\New User\.m2\repository\com\beust\jcommander\1.78\jcommander-1.78.jar;C:\Users\New User\.m2\repository\org\webjars\jquery\3.5.1\jquery-3.5.1.jar;C:\Users\New User\.m2\repository\org\apache\poi\poi\5.2.3\poi-5.2.3.jar;C:\Users\New User\.m2\repository\commons-codec\commons-codec\1.15\commons-codec-1.15.jar;C:\Users\New User\.m2\repository\org\apache\commons\commons-collections4\4.4\commons-collections4-4.4.jar;C:\Users\New User\.m2\repository\org\apache\commons\commons-math3\3.6.1\commons-math3-3.6.1.jar;C:\Users\New User\.m2\repository\com\zaxxer\SparseBitSet\1.2\SparseBitSet-1.2.jar;C:\Users\New User\.m2\repository\org\apache\poi\poi-ooxml\5.2.3\poi-ooxml-5.2.3.jar;C:\Users\New User\.m2\repository\org\apache\poi\poi-ooxml-lite\5.2.3\poi-ooxml-lite-5.2.3.jar;C:\Users\New User\.m2\repository\org\apache\xmlbeans\xmlbeans\5.1.1\xmlbeans-5.1.1.jar;C:\Users\New User\.m2\repository\org\apache\commons\commons-compress\1.21\commons-compress-1.21.jar;C:\Users\New User\.m2\repository\com\github\virtuald\curvesapi\1.07\curvesapi-1.07.jar;C:\Users\New User\.m2\repository\com\aventstack\extentreports\5.1.1\extentreports-5.1.1.jar;C:\Users\New User\.m2\repository\io\reactivex\rxjava3\rxjava\3.1.6\rxjava-3.1.6.jar;C:\Users\New User\.m2\repository\org\reactivestreams\reactive-streams\1.0.4\reactive-streams-1.0.4.jar;C:\Users\New User\.m2\repository\org\freemarker\freemarker\2.3.32\freemarker-2.3.32.jar;C:\Users\New User\.m2\repository\com\google\code\gson\gson\2.10.1\gson-2.10.1.jar;C:\Users\New User\.m2\repository\org\apache\commons\commons-lang3\3.12.0\commons-lang3-3.12.0.jar;C:\Users\New User\.m2\repository\commons-io\commons-io\2.13.0\commons-io-2.13.0.jar;C:\Users\New User\.m2\repository\org\sikuli\sikuli-api\1.2.0\sikuli-api-1.2.0.jar;C:\Users\New User\.m2\repository\org\sikuli\sikuli-core\1.2.2\sikuli-core-1.2.2.jar;C:\Users\New User\.m2\repository\org\bytedeco\javacpp\0.9\javacpp-0.9.jar;C:\Users\New User\.m2\repository\org\bytedeco\javacpp-presets\opencv\2.4.9-0.9\opencv-2.4.9-0.9.jar;C:\Users\New User\.m2\repository\org\piccolo2d\piccolo2d-extras\1.3.1\piccolo2d-extras-1.3.1.jar;C:\Users\New User\.m2\repository\org\piccolo2d\piccolo2d-core\1.3.1\piccolo2d-core-1.3.1.jar;C:\Users\New User\.m2\repository\org\slf4j\slf4j-api\1.6.6\slf4j-api-1.6.6.jar;C:\Users\New User\.m2\repository\org\apache\logging\log4j\log4j-api\2.22.1\log4j-api-2.22.1.jar;C:\Users\New User\.m2\repository\org\apache\logging\log4j\log4j-core\2.22.1\log4j-core-2.22.1.jar;C:\Users\New User\.m2\repository\io\rest-assured\rest-assured\5.3.2\rest-assured-5.3.2.jar;C:\Users\New User\.m2\repository\org\apache\groovy\groovy\4.0.11\groovy-4.0.11.jar;C:\Users\New User\.m2\repository\org\apache\groovy\groovy-xml\4.0.11\groovy-xml-4.0.11.jar;C:\Users\New User\.m2\repository\org\apache\httpcomponents\httpclient\4.5.13\httpclient-4.5.13.jar;C:\Users\New User\.m2\repository\org\apache\httpcomponents\httpcore\4.4.13\httpcore-4.4.13.jar;C:\Users\New User\.m2\repository\commons-logging\commons-logging\1.2\commons-logging-1.2.jar;C:\Users\New User\.m2\repository\org\apache\httpcomponents\httpmime\4.5.13\httpmime-4.5.13.jar;C:\Users\New User\.m2\repository\org\hamcrest\hamcrest\2.2\hamcrest-2.2.jar;C:\Users\New User\.m2\repository\org\ccil\cowan\tagsoup\tagsoup\1.2.1\tagsoup-1.2.1.jar;C:\Users\New User\.m2\repository\io\rest-assured\xml-path\5.3.2\xml-path-5.3.2.jar;C:\Users\New User\.m2\repository\io\rest-assured\json-path\5.3.2\json-path-5.3.2.jar;C:\Users\New User\.m2\repository\org\apache\groovy\groovy-json\4.0.11\groovy-json-4.0.11.jar;C:\Users\New User\.m2\repository\io\rest-assured\rest-assured-common\5.3.2\rest-assured-common-5.3.2.jar;C:\Users\New User\.m2\repository\org\json\json\20231013\json-20231013.jar;C:\Users\New User\.m2\repository\com\github\scribejava\scribejava-apis\8.3.1\scribejava-apis-8.3.1.jar;C:\Users\New User\.m2\repository\com\github\scribejava\scribejava-core\8.3.1\scribejava-core-8.3.1.jar;C:\Users\New User\.m2\repository\com\github\scribejava\scribejava-java8\8.3.1\scribejava-java8-8.3.1.jar;C:\Users\New User\.m2\repository\com\fasterxml\jackson\core\jackson-databind\2.12.3\jackson-databind-2.12.3.jar;C:\Users\New User\.m2\repository\com\fasterxml\jackson\core\jackson-annotations\2.12.3\jackson-annotations-2.12.3.jar;C:\Users\New User\.m2\repository\com\fasterxml\jackson\core\jackson-core\2.12.3\jackson-core-2.12.3.jar;C:\Users\New User\.m2\repository\io\rest-assured\json-schema-validator\5.1.1\json-schema-validator-5.1.1.jar;C:\Users\New User\.m2\repository\com\github\java-json-tools\json-schema-validator\2.2.14\json-schema-validator-2.2.14.jar;C:\Users\New User\.m2\repository\com\github\java-json-tools\jackson-coreutils-equivalence\1.0\jackson-coreutils-equivalence-1.0.jar;C:\Users\New User\.m2\repository\com\github\java-json-tools\jackson-coreutils\2.0\jackson-coreutils-2.0.jar;C:\Users\New User\.m2\repository\com\github\java-json-tools\msg-simple\1.2\msg-simple-1.2.jar;C:\Users\New User\.m2\repository\com\github\java-json-tools\btf\1.3\btf-1.3.jar;C:\Users\New User\.m2\repository\com\github\java-json-tools\json-schema-core\1.2.14\json-schema-core-1.2.14.jar;C:\Users\New User\.m2\repository\com\github\java-json-tools\uri-template\0.10\uri-template-0.10.jar;C:\Users\New User\.m2\repository\org\mozilla\rhino\1.7.7.2\rhino-1.7.7.2.jar;C:\Users\New User\.m2\repository\com\sun\mail\mailapi\1.6.2\mailapi-1.6.2.jar;C:\Users\New User\.m2\repository\joda-time\joda-time\2.10.5\joda-time-2.10.5.jar;C:\Users\New User\.m2\repository\com\googlecode\libphonenumber\libphonenumber\8.11.1\libphonenumber-8.11.1.jar;C:\Users\New User\.m2\repository\com\google\code\findbugs\jsr305\3.0.2\jsr305-3.0.2.jar;C:\Users\New User\.m2\repository\net\sf\jopt-simple\jopt-simple\5.0.4\jopt-simple-5.0.4.jar;C:\Users\New User\.m2\repository\com\github\javafaker\javafaker\1.0.2\javafaker-1.0.2.jar;C:\Users\New User\.m2\repository\org\yaml\snakeyaml\1.23\snakeyaml-1.23-android.jar;C:\Users\New User\.m2\repository\com\github\mifmif\generex\1.0.2\generex-1.0.2.jar;C:\Users\New User\.m2\repository\dk\brics\automaton\automaton\1.11-8\automaton-1.11-8.jar;C:\Users\New User\.m2\repository\com\sun\mail\javax.mail\1.6.2\javax.mail-1.6.2.jar;C:\Users\New User\.m2\repository\javax\activation\activation\1.1\activation-1.1.jar;C:\Users\New User\.m2\repository\io\appium\java-client\9.0.0\java-client-9.0.0.jar;"/>
    <property name="sun.cpu.endian" value="little"/>
    <property name="user.home" value="C:\Users\New User"/>
    <property name="user.language" value="en"/>
    <property name="java.specification.vendor" value="Oracle Corporation"/>
    <property name="java.version.date" value="2024-01-16"/>
    <property name="java.home" value="C:\Program Files\Java\jdk-17"/>
    <property name="file.separator" value="\"/>
    <property name="basedir" value="C:\Users\New User\eclipse-workspace1\LeadRat_Automation"/>
    <property name="java.vm.compressedOopsMode" value="Zero based"/>
    <property name="line.separator" value="&#10;"/>
    <property name="java.vm.specification.vendor" value="Oracle Corporation"/>
    <property name="java.specification.name" value="Java Platform API Specification"/>
    <property name="surefire.real.class.path" value="C:\Users\New User\AppData\Local\Temp\surefire14077804284898234896\surefirebooter-20240525113144912_3.jar"/>
    <property name="user.script" value=""/>
    <property name="sun.management.compiler" value="HotSpot 64-Bit Tiered Compilers"/>
    <property name="java.runtime.version" value="17.0.10+11-LTS-240"/>
    <property name="user.name" value="Raj"/>
    <property name="path.separator" value=";"/>
    <property name="os.version" value="10.0"/>
    <property name="java.runtime.name" value="Java(TM) SE Runtime Environment"/>
    <property name="file.encoding" value="Cp1252"/>
    <property name="java.vm.name" value="Java HotSpot(TM) 64-Bit Server VM"/>
    <property name="localRepository" value="C:\Users\New User\.m2\repository"/>
    <property name="java.vendor.url.bug" value="https://bugreport.java.com/bugreport/"/>
    <property name="java.io.tmpdir" value="C:\Users\NEWUSE~1\AppData\Local\Temp\"/>
    <property name="java.version" value="17.0.10"/>
    <property name="user.dir" value="C:\Users\New User\eclipse-workspace1\LeadRat_Automation"/>
    <property name="os.arch" value="amd64"/>
    <property name="java.vm.specification.name" value="Java Virtual Machine Specification"/>
    <property name="sun.os.patch.level" value=""/>
    <property name="native.encoding" value="Cp1252"/>
    <property name="java.library.path" value="C:\Program Files\Java\jdk-17\bin;C:\Windows\Sun\Java\bin;C:\Windows\system32;C:\Windows;C:\Program Files\Common Files\Oracle\Java\javapath;C:\Windows\system32;C:\Windows;C:\Windows\System32\Wbem;C:\Windows\System32\WindowsPowerShell\v1.0\;C:\Windows\System32\OpenSSH\;C:\Program Files\Java\jdk-17\bin;C:\apache-maven-3.9.6\bin;C:\Program Files\nodejs\;C:\Users\New User\AppData\Local\Android\cmdline-tools;C:\Users\New User\AppData\Local\Android;C:\Users\New User\AppData\Local\Android\cmdline-tools\tools;C:\Users\New User\AppData\Local\Android\cmdline-tools\tools\bin;C:\Users\New User\AppData\Local\Android\platform-tools;C:\Users\New User\AppData\Local\Microsoft\WindowsApps;C:\Users\New User\AppData\Roaming\npm;C:\Users\New User\AppData\Local\Programs\Microsoft VS Code\bin;."/>
    <property name="java.vm.info" value="mixed mode, sharing"/>
    <property name="java.vendor" value="Oracle Corporation"/>
    <property name="java.vm.version" value="17.0.10+11-LTS-240"/>
    <property name="sun.io.unicode.encoding" value="UnicodeLittle"/>
    <property name="java.class.version" value="61.0"/>
  </properties>
  <testcase name="addLead" classname="api.test.TC0002_api" time="6.126">
    <system-out><![CDATA[test.base.Api_Token - ---- Generating Bearer Token ----
test.base.Api_Token - ---- Bearer Token Generated : Bearer eyJraWQiOiJhaUp4ZitQMXhVbmsxcHZrTTZzNVhLZWZlVTloVmVvdVFkN1g5K3ZRZ1lvPSIsImFsZyI6IlJTMjU2In0.eyJzdWIiOiIyODQ0YzJkZC0yM2VlLTRmNDktODIyMS02ZjI3YTk1NTE2ZjQiLCJjdXN0b206bWZhX2VuYWJsZWQiOiJGYWxzZSIsImVtYWlsX3ZlcmlmaWVkIjpmYWxzZSwiY3VzdG9tOnBhc3Nfc3RhbXAiOiJJakl3TWpRdE1ESXRNRFZVTURVNk1URTZNRFl1TWpZM05UazRXaUk9IiwiaXNzIjoiaHR0cHM6XC9cL2NvZ25pdG8taWRwLmFwLXNvdXRoLTEuYW1hem9uYXdzLmNvbVwvYXAtc291dGgtMV9oV0doQzNPUzkiLCJjdXN0b206dXNlcl9pZCI6ImRlbW9fUmFqYW5lZXNoIiwicGhvbmVfbnVtYmVyX3ZlcmlmaWVkIjpmYWxzZSwiY29nbml0bzp1c2VybmFtZSI6InJhamFuZWVzaCIsImN1c3RvbTp0ZW5hbnRfaWQiOiJkZW1vIiwicHJlZmVycmVkX3VzZXJuYW1lIjoiUmFqYW5lZXNoIiwiZ2l2ZW5fbmFtZSI6IlJhamFuZWVzaCIsIm9yaWdpbl9qdGkiOiJmYjM3ZjMzNS0zNzRjLTQ4MDQtYTBhYi05ZTI0ZjZkZTNhZjEiLCJhdWQiOiI1Y205OTFuNXN1Ym5rb2VkOGlwY2xwNDg2byIsImV2ZW50X2lkIjoiYzI4YjMxYzMtYzA4Ni00NzIzLTg5ZWQtYjJmYTcwYjgzOTQwIiwidG9rZW5fdXNlIjoiaWQiLCJhdXRoX3RpbWUiOjE3MTY2MTY5MTEsInBob25lX251bWJlciI6Iis5MTk3NDE4NDYxOTciLCJleHAiOjE3MTY2MjA1MTEsImlhdCI6MTcxNjYxNjkxMSwiZmFtaWx5X25hbWUiOiJLIEIiLCJqdGkiOiJiZWQ4ODE3Yi0wOTc4LTQwZmQtYWE2My1iOTUwODIwNzgxYTkiLCJlbWFpbCI6InJhamFuZWVzaEBnbWFpbC5jb20ifQ.aUJsthSZnNTIazWsiamJfBs0-sBbc-NOrZ11aciseUYlNzkofArRH0dGO21rSiA4-ykI0JKaQf6eqGcBJ4qZW7DBOWyN7KdbUsOSbWLUsO-hewmh-3-9AWtEeh59oyQ58NT7Ph_mgUw0IwXTAUtcJYi2dquTMaraNpj8g6uMGNiF_mG0570NOBj8XW7qJo2XQnhkR4KaOa3FIR5SdF-1niF1sqUsq3_89O4rviBluB0J8guRvrakrJEImj4lWXqsntJb7Z9tUTr2V_kYITuY3Z6JDyQZMeVI9-FJ-adS8eRY0704OhakojYHHiFNDN3sTTl5TR99E4pcCEqvSHXt0A----
api.test.TC0002_api - ---- Creating new Lead ----
{
    "succeeded": true,
    "message": null,
    "errors": null,
    "data": "733b149d-eb5f-4120-874c-9cefd48acab5"
}
api.test.TC0002_api - ---- New Lead Created with ID Token: 733b149d-eb5f-4120-874c-9cefd48acab5

]]></system-out>
  </testcase>
  <testcase name="adddata" classname="api.test.TC0003_api" time="2.093">
    <system-out><![CDATA[test.base.Api_Token - ---- Generating Bearer Token ----
test.base.Api_Token - ---- Bearer Token Generated : Bearer eyJraWQiOiJhaUp4ZitQMXhVbmsxcHZrTTZzNVhLZWZlVTloVmVvdVFkN1g5K3ZRZ1lvPSIsImFsZyI6IlJTMjU2In0.eyJzdWIiOiIyODQ0YzJkZC0yM2VlLTRmNDktODIyMS02ZjI3YTk1NTE2ZjQiLCJjdXN0b206bWZhX2VuYWJsZWQiOiJGYWxzZSIsImVtYWlsX3ZlcmlmaWVkIjpmYWxzZSwiY3VzdG9tOnBhc3Nfc3RhbXAiOiJJakl3TWpRdE1ESXRNRFZVTURVNk1URTZNRFl1TWpZM05UazRXaUk9IiwiaXNzIjoiaHR0cHM6XC9cL2NvZ25pdG8taWRwLmFwLXNvdXRoLTEuYW1hem9uYXdzLmNvbVwvYXAtc291dGgtMV9oV0doQzNPUzkiLCJjdXN0b206dXNlcl9pZCI6ImRlbW9fUmFqYW5lZXNoIiwicGhvbmVfbnVtYmVyX3ZlcmlmaWVkIjpmYWxzZSwiY29nbml0bzp1c2VybmFtZSI6InJhamFuZWVzaCIsImN1c3RvbTp0ZW5hbnRfaWQiOiJkZW1vIiwicHJlZmVycmVkX3VzZXJuYW1lIjoiUmFqYW5lZXNoIiwiZ2l2ZW5fbmFtZSI6IlJhamFuZWVzaCIsIm9yaWdpbl9qdGkiOiIwNmI1NmFlMC1jY2Y3LTQ0NDYtOWE4YS0zMGUyNjBmYzUyZjIiLCJhdWQiOiI1Y205OTFuNXN1Ym5rb2VkOGlwY2xwNDg2byIsImV2ZW50X2lkIjoiZDMxNDIwYWEtYWY1OS00ZGFlLTgwYTYtYzQ0Y2U5OGI0MGJkIiwidG9rZW5fdXNlIjoiaWQiLCJhdXRoX3RpbWUiOjE3MTY2MTY5MTQsInBob25lX251bWJlciI6Iis5MTk3NDE4NDYxOTciLCJleHAiOjE3MTY2MjA1MTQsImlhdCI6MTcxNjYxNjkxNCwiZmFtaWx5X25hbWUiOiJLIEIiLCJqdGkiOiIyZTE2Y2FhMy0wZmZkLTQ1MTMtOTRjMi0xNDY5MTc1MjJkOWMiLCJlbWFpbCI6InJhamFuZWVzaEBnbWFpbC5jb20ifQ.Y8ODazDbcatY8dI96jz_7mE0FsM90LobVbbLz4GNGwI-eg_rx9Eq7-ziB9UETFUBIdFqAmbDDxPIR-s9z24KK5ckvRspbRJynEZfKMDSKPPdxGBjZEMU7j1YmrAWgXD91f8pgcgqlczdU6PrbQamKkALMRe3FhqqKpZYnOeO7h6czwI1dWa5xT91jQhlrLdsetUPGl2CuGCa_xbirdWScNLdjaGVGn-KSbSv4WUAech98v6HCAFEqTWpVQcBNoQbseNKGj3MgFx0AdYSLV8TpupSufUS6gQ8w9Att_UJDU14JNPnwUfFHuz0lq0hFafONu5BJUGVHoTz2My-WN32xQ----
api.test.TC0003_api - ---- Creating new Data ----
{
    "succeeded": true,
    "message": null,
    "errors": null,
    "data": "10134aa9-861d-4e3c-8ad9-33108812141a"
}
api.test.TC0003_api - ---- New Data Created with ID Token: 10134aa9-861d-4e3c-8ad9-33108812141a

]]></system-out>
  </testcase>
  <testcase name="testProject" classname="api.test.TC0004_api" time="1.247">
    <system-out><![CDATA[test.base.Api_Token - ---- Generating Bearer Token ----
test.base.Api_Token - ---- Bearer Token Generated : Bearer eyJraWQiOiJhaUp4ZitQMXhVbmsxcHZrTTZzNVhLZWZlVTloVmVvdVFkN1g5K3ZRZ1lvPSIsImFsZyI6IlJTMjU2In0.eyJzdWIiOiIyODQ0YzJkZC0yM2VlLTRmNDktODIyMS02ZjI3YTk1NTE2ZjQiLCJjdXN0b206bWZhX2VuYWJsZWQiOiJGYWxzZSIsImVtYWlsX3ZlcmlmaWVkIjpmYWxzZSwiY3VzdG9tOnBhc3Nfc3RhbXAiOiJJakl3TWpRdE1ESXRNRFZVTURVNk1URTZNRFl1TWpZM05UazRXaUk9IiwiaXNzIjoiaHR0cHM6XC9cL2NvZ25pdG8taWRwLmFwLXNvdXRoLTEuYW1hem9uYXdzLmNvbVwvYXAtc291dGgtMV9oV0doQzNPUzkiLCJjdXN0b206dXNlcl9pZCI6ImRlbW9fUmFqYW5lZXNoIiwicGhvbmVfbnVtYmVyX3ZlcmlmaWVkIjpmYWxzZSwiY29nbml0bzp1c2VybmFtZSI6InJhamFuZWVzaCIsImN1c3RvbTp0ZW5hbnRfaWQiOiJkZW1vIiwicHJlZmVycmVkX3VzZXJuYW1lIjoiUmFqYW5lZXNoIiwiZ2l2ZW5fbmFtZSI6IlJhamFuZWVzaCIsIm9yaWdpbl9qdGkiOiI4MmU1OTVkYS1kZjVjLTRjNGItODZlZC04ZTNkNDJkMjAyZmEiLCJhdWQiOiI1Y205OTFuNXN1Ym5rb2VkOGlwY2xwNDg2byIsImV2ZW50X2lkIjoiODBkODlmZjAtNzdkZC00MTdmLWE1YWYtNjU3ZWUzMjcyZDc4IiwidG9rZW5fdXNlIjoiaWQiLCJhdXRoX3RpbWUiOjE3MTY2MTY5MTYsInBob25lX251bWJlciI6Iis5MTk3NDE4NDYxOTciLCJleHAiOjE3MTY2MjA1MTYsImlhdCI6MTcxNjYxNjkxNiwiZmFtaWx5X25hbWUiOiJLIEIiLCJqdGkiOiJmNzllNmQ3Yy1hMjBmLTRmN2ItOGI0Yi1lYWQxZDU3NzBiNGUiLCJlbWFpbCI6InJhamFuZWVzaEBnbWFpbC5jb20ifQ.YVp082-sujASKMO8Be2aOEQaflz7vYUH3DlU-qHgU1jyQJBh_LFN83sXw6_X1PxIiLxv90cU5Pkpo-KdKZLIsUTse1YQaIu51jlAmeWhAtZK9KTPxITZaoue8K_5eaAeadPaHE5WU60lM4dad2-2-NRbiYo25Ms3CFYgVjDmciRslYXJL6fKfWP5juck6GnYkyLsO-B3sKmQZeKJp6Gpkbc4EbpGzXscxxXBuTn6ycgIUZqtHrwy6bzqrl9XIu2sEjyoGtLe57k14VBpWtNSnvavOk7gB-QfSuyVQIaNLO-hesW1hIGNwiQ2oicX2UZCYlcMek_GXjmq_al39kpwjw----
api.test.TC0004_api - ---- Creating new Project ----
{
    "succeeded": true,
    "message": null,
    "errors": null,
    "data": "5db4d3dc-4e6f-4b86-a966-12b609b18102"
}
api.test.TC0004_api - ---- New Project Created with ID Token: 5db4d3dc-4e6f-4b86-a966-12b609b18102

]]></system-out>
  </testcase>
  <testcase name="testUnit" classname="api.test.TC0004_api" time="0.714">
    <system-out><![CDATA[api.test.TC0004_api - ---- Creating new Unit ----
{
    "succeeded": true,
    "message": null,
    "errors": null,
    "data": "23522582-62f1-43bd-86a2-7e514f354df9"
}
api.test.TC0004_api - ---- New Unit Created with ID Token: 23522582-62f1-43bd-86a2-7e514f354df9

]]></system-out>
  </testcase>
  <testcase name="testBlock" classname="api.test.TC0004_api" time="0.5">
    <system-out><![CDATA[api.test.TC0004_api - ---- Creating new Block ----
{
    "succeeded": true,
    "message": null,
    "errors": null,
    "data": "ce7b5811-8f34-4d8e-ab0b-1dbff37c26f2"
}
api.test.TC0004_api - ---- New Block Created with ID Token: ce7b5811-8f34-4d8e-ab0b-1dbff37c26f2

]]></system-out>
  </testcase>
  <testcase name="testAmenity" classname="api.test.TC0004_api" time="1.421">
    <system-out><![CDATA[api.test.TC0004_api - ---- Adding Amenities ----
{
    "succeeded": true,
    "message": null,
    "errors": null,
    "data": "5db4d3dc-4e6f-4b86-a966-12b609b18102"
}
api.test.TC0004_api - ---- New Unit Created with ID Token: 5db4d3dc-4e6f-4b86-a966-12b609b18102

]]></system-out>
  </testcase>
  <testcase name="testGallery" classname="api.test.TC0004_api" time="0.361">
    <system-out><![CDATA[api.test.TC0004_api - ---- Adding images to project Gallery ----
{
    "succeeded": true,
    "message": null,
    "errors": null,
    "data": "5db4d3dc-4e6f-4b86-a966-12b609b18102"
}
api.test.TC0004_api - ---- Images added to project gallery with ID Token: 5db4d3dc-4e6f-4b86-a966-12b609b18102

]]></system-out>
  </testcase>
  <testcase name="testProperty" classname="api.test.TC0005_api" time="2.418">
    <system-out><![CDATA[test.base.Api_Token - ---- Generating Bearer Token ----
test.base.Api_Token - ---- Bearer Token Generated : Bearer eyJraWQiOiJhaUp4ZitQMXhVbmsxcHZrTTZzNVhLZWZlVTloVmVvdVFkN1g5K3ZRZ1lvPSIsImFsZyI6IlJTMjU2In0.eyJzdWIiOiIyODQ0YzJkZC0yM2VlLTRmNDktODIyMS02ZjI3YTk1NTE2ZjQiLCJjdXN0b206bWZhX2VuYWJsZWQiOiJGYWxzZSIsImVtYWlsX3ZlcmlmaWVkIjpmYWxzZSwiY3VzdG9tOnBhc3Nfc3RhbXAiOiJJakl3TWpRdE1ESXRNRFZVTURVNk1URTZNRFl1TWpZM05UazRXaUk9IiwiaXNzIjoiaHR0cHM6XC9cL2NvZ25pdG8taWRwLmFwLXNvdXRoLTEuYW1hem9uYXdzLmNvbVwvYXAtc291dGgtMV9oV0doQzNPUzkiLCJjdXN0b206dXNlcl9pZCI6ImRlbW9fUmFqYW5lZXNoIiwicGhvbmVfbnVtYmVyX3ZlcmlmaWVkIjpmYWxzZSwiY29nbml0bzp1c2VybmFtZSI6InJhamFuZWVzaCIsImN1c3RvbTp0ZW5hbnRfaWQiOiJkZW1vIiwicHJlZmVycmVkX3VzZXJuYW1lIjoiUmFqYW5lZXNoIiwiZ2l2ZW5fbmFtZSI6IlJhamFuZWVzaCIsIm9yaWdpbl9qdGkiOiJhNzE2NDI4NS1kMjgwLTQ2MmEtODQ5Ni1lMGQ3NzQ1Y2JiMmQiLCJhdWQiOiI1Y205OTFuNXN1Ym5rb2VkOGlwY2xwNDg2byIsImV2ZW50X2lkIjoiYmYxN2VkNmEtODI4Ni00ZjM5LTk3NzItMDI1YTFhZjE2Njg1IiwidG9rZW5fdXNlIjoiaWQiLCJhdXRoX3RpbWUiOjE3MTY2MTY5MjAsInBob25lX251bWJlciI6Iis5MTk3NDE4NDYxOTciLCJleHAiOjE3MTY2MjA1MjAsImlhdCI6MTcxNjYxNjkyMCwiZmFtaWx5X25hbWUiOiJLIEIiLCJqdGkiOiJlZDgxYzA1Zi01YmQ0LTQxNmEtYmZlYy1hYzE4ZGZjMWQzYzMiLCJlbWFpbCI6InJhamFuZWVzaEBnbWFpbC5jb20ifQ.eGJNV_0Fwo-jTAplZ-OconC_qmK2ebz26lJXOROd7Cuen3TRMJxt_ZK4JjFlHrZHPaoP3y1_GoD0_2nFaGYxWR32fVaoEU-wu2ALMCOIO71CmeVBf3xOK3j8AbPejYDvqIe0Z9BQ3dIJPyMRyTXaP06GTU7r2XCR8OFGJ3QLagsBUjgOSNahnPG1zeHvIfdTVQx1KxR7KHIRsovDOKpjbcQQPdsXWVP9nP_GL0QF4UKOKz7KAap9FAun4xlxXD7OW3amdedqvoPXDJ67uFkC_0Jy55sHrbiKgYwE7npQaaArwVim9vnCtRUDzf47PrGmnbPU2-7XqLJ3Xs8GK-v4nw----
api.test.TC0005_api - ---- Creating new Property ----
{
    "succeeded": true,
    "message": null,
    "errors": null,
    "data": {
        "placeId": "ChIJVaU9EY4UrjsRIrtCkznuBEc",
        "propertyTypeId": "8d178b31-8008-4e19-8eeb-5189f7578044",
        "projectsList": null,
        "id": "5dc0d27a-c75d-4fc0-924a-e7485b3991c4",
        "attributes": [
            {
                "masterPropertyAttributeId": "29468e40-749e-4a10-999f-12d49529a05c",
                "attributeName": "",
                "value": "",
                "attributeDisplayName": null,
                "attributeType": null
            },
            {
                "masterPropertyAttributeId": "4d19e231-22f4-44b8-9f47-b7eb7baddd9f",
                "attributeName": "",
                "value": "",
                "attributeDisplayName": null,
                "attributeType": null
            },
            {
                "masterPropertyAttributeId": "56b69fe6-9f68-49af-a128-3de8c4ed8d49",
                "attributeName": "",
                "value": "",
                "attributeDisplayName": null,
                "attributeType": null
            },
            {
                "masterPropertyAttributeId": "a2f39612-2cbd-4af3-9cb8-b5536b1e1ff8",
                "attributeName": "",
                "value": "",
                "attributeDisplayName": null,
                "attributeType": null
            },
            {
                "masterPropertyAttributeId": "c146a273-e342-4d66-aeee-6b2e6106d225",
                "attributeName": "",
                "value": "",
                "attributeDisplayName": null,
                "attributeType": null
            },
            {
                "masterPropertyAttributeId": "c420f226-4809-4bc8-8baf-1f208e1cea74",
                "attributeName": "",
                "value": "",
                "attributeDisplayName": null,
                "attributeType": null
            },
            {
                "masterPropertyAttributeId": "f668376f-c5fe-484d-81f8-37a0b1067191",
                "attributeName": "",
                "value": "",
                "attributeDisplayName": null,
                "attributeType": null
            },
            {
                "masterPropertyAttributeId": "018dc71f-b86a-4001-8fda-2f188b19a247",
                "attributeName": "",
                "value": "",
                "attributeDisplayName": null,
                "attributeType": null
            }
        ],
        "title": "{{randomName}}",
        "saleType": 1,
        "enquiredFor": 2,
        "notes": "Testing property",
        "furnishStatus": 0,
        "status": 0,
        "rating": "5",
        "shareCount": 0,
        "possessionDate": "2024-04-28T00:00:00Z",
        "isGOListingEnabled": false,
        "facing": 0,
        "goPropertyId": null,
        "noOfBHK": 2,
        "bhkType": 2,
        "monetaryInfo": {
            "id": "a0627022-b2c6-440b-9c18-4588f395ab1a",
            "expectedPrice": 90000,
            "isNegotiable": true,
            "brokerage": 9.98,
            "brokerageUnit": 0,
            "currency": "â‚¹",
            "brokerageCurrency": "%",
            "depositAmount": null,
            "maintenanceCost": null
        },
        "ownerDetails": {
            "id": "7409c53f-932f-4796-80a7-ef7a8dd3edb4",
            "name": "Rajaneesh",
            "phone": "+919876543210",
            "email": "rajtest@gmail.com"
        },
        "dimension": {
            "id": "42a39e25-2330-4173-8d45-41022c88c1a7",
            "area": 1000,
            "areaUnitId": "fd8de64b-47c4-4083-84a5-571f746e6c87",
            "conversionFactor": 0,
            "unit": null,
            "length": null,
            "breadth": null,
            "carpetArea": 1000,
            "carpetAreaId": "fd8de64b-47c4-4083-84a5-571f746e6c87",
            "carpetAreaConversionFactor": 0,
            "buildUpArea": 1500,
            "buildUpAreaId": "fd8de64b-47c4-4083-84a5-571f746e6c87",
            "buildUpConversionFactor": 0,
            "saleableArea": 1400,
            "saleableAreaId": "fd8de64b-47c4-4083-84a5-571f746e6c87",
            "saleableAreaConversionFactor": 0
        },
        "tagInfo": {
            "id": "ad2f8cd7-0619-442a-9aac-140cb9a4ae27",
            "isFeatured": false,
            "isGOListingEnabled": false,
            "isValidated": false
        },
        "imageUrls": {
            
        },
        "amenities": [
            
        ],
        "isArchived": false,
        "brochures": null,
        "whatsAppShareCount": 0,
        "callShareCount": 0,
        "emailShareCount": 0,
        "smsShareCount": 0,
        "aboutProperty": "New property",
        "address": {
            "id": "7b390000-acba-7265-fbee-08dbc6715440",
            "placeId": "ChIJVaU9EY4UrjsRIrtCkznuBEc",
            "subLocality": "Hsr Bda Complex, Sector 6, HSR Layout",
            "locality": "Bengaluru",
            "district": "Bangalore Division",
            "city": "Bengaluru",
            "state": "Karnataka",
            "country": "India",
            "postalCode": "560102",
            "longitude": "77.63727779999999",
            "latitude": "12.9137634",
            "isGoogleMapLocation": true,
            "locationId": "c518f027-cef5-41b0-9628-1f4971af5ca7",
            "location": null
        },
        "landmark": null,
        "maintenanceCost": null,
        "myProperty": 0,
        "propertySource": 0,
        "unitNo": 0,
        "links": [
            
        ],
        "projects": null,
        "project": "Lrb.Domain.Entities.Project",
        "serialNo": "DE0000003339",
        "assignedTo": [
            "83a6cc4e-3aed-4d88-950b-ca938a164b4a"
        ]
    }
}
api.test.TC0005_api - ---- New Property Created with ID Token: 5dc0d27a-c75d-4fc0-924a-e7485b3991c4

]]></system-out>
  </testcase>
  <testcase name="moreInfo" classname="api.test.TC0005_api" time="2.672">
    <system-out><![CDATA[api.test.TC0005_api - ---- Adding more info to the property ----
{
    "succeeded": true,
    "message": null,
    "errors": null,
    "data": {
        "placeId": "ChIJVaU9EY4UrjsRIrtCkznuBEc",
        "propertyTypeId": "8d178b31-8008-4e19-8eeb-5189f7578044",
        "projectsList": null,
        "id": "5dc0d27a-c75d-4fc0-924a-e7485b3991c4",
        "attributes": [
            {
                "masterPropertyAttributeId": "29468e40-749e-4a10-999f-12d49529a05c",
                "attributeName": "",
                "value": "5",
                "attributeDisplayName": null,
                "attributeType": null
            },
            {
                "masterPropertyAttributeId": "4d19e231-22f4-44b8-9f47-b7eb7baddd9f",
                "attributeName": "",
                "value": "8",
                "attributeDisplayName": null,
                "attributeType": null
            },
            {
                "masterPropertyAttributeId": "56b69fe6-9f68-49af-a128-3de8c4ed8d49",
                "attributeName": "",
                "value": "8",
                "attributeDisplayName": null,
                "attributeType": null
            },
            {
                "masterPropertyAttributeId": "a2f39612-2cbd-4af3-9cb8-b5536b1e1ff8",
                "attributeName": "",
                "value": "3",
                "attributeDisplayName": null,
                "attributeType": null
            },
            {
                "masterPropertyAttributeId": "c146a273-e342-4d66-aeee-6b2e6106d225",
                "attributeName": "",
                "value": "5",
                "attributeDisplayName": null,
                "attributeType": null
            },
            {
                "masterPropertyAttributeId": "c420f226-4809-4bc8-8baf-1f208e1cea74",
                "attributeName": "",
                "value": "8",
                "attributeDisplayName": null,
                "attributeType": null
            },
            {
                "masterPropertyAttributeId": "f668376f-c5fe-484d-81f8-37a0b1067191",
                "attributeName": "",
                "value": "4",
                "attributeDisplayName": null,
                "attributeType": null
            },
            {
                "masterPropertyAttributeId": "018dc71f-b86a-4001-8fda-2f188b19a247",
                "attributeName": "",
                "value": "4",
                "attributeDisplayName": null,
                "attributeType": null
            },
            {
                "masterPropertyAttributeId": "2d59ec14-7596-48fb-8c2a-ef15dbd2f559",
                "attributeName": "",
                "value": null,
                "attributeDisplayName": null,
                "attributeType": null
            },
            {
                "masterPropertyAttributeId": "310f51fe-fba3-40c6-9abd-81810ac0150b",
                "attributeName": "",
                "value": null,
                "attributeDisplayName": null,
                "attributeType": null
            },
            {
                "masterPropertyAttributeId": "63b6e3eb-499d-4259-8aa3-ce274426fe96",
                "attributeName": "",
                "value": null,
                "attributeDisplayName": null,
                "attributeType": null
            },
            {
                "masterPropertyAttributeId": "8b8ce45b-175b-4345-b735-877ffd86c4e3",
                "attributeName": "",
                "value": null,
                "attributeDisplayName": null,
                "attributeType": null
            },
            {
                "masterPropertyAttributeId": "defd4855-56df-4d8c-9899-966d9413429a",
                "attributeName": "",
                "value": null,
                "attributeDisplayName": null,
                "attributeType": null
            },
            {
                "masterPropertyAttributeId": "eca4e0dd-c935-4fc6-95e9-7ce0a88d7707",
                "attributeName": "",
                "value": null,
                "attributeDisplayName": null,
                "attributeType": null
            }
        ],
        "title": "testProperty_11:32:03 _25/05/24",
        "saleType": 1,
        "enquiredFor": 2,
        "notes": "Testing property",
        "furnishStatus": 3,
        "status": 0,
        "rating": "5",
        "shareCount": 0,
        "possessionDate": "2024-04-28T00:00:00Z",
        "isGOListingEnabled": false,
        "facing": 4,
        "goPropertyId": null,
        "noOfBHK": 2,
        "bhkType": 2,
        "monetaryInfo": {
            "id": "a0627022-b2c6-440b-9c18-4588f395ab1a",
            "expectedPrice": 90000,
            "isNegotiable": true,
            "brokerage": 9.98,
            "brokerageUnit": 0,
            "currency": "â‚¹",
            "brokerageCurrency": "%",
            "depositAmount": null,
            "maintenanceCost": null
        },
        "ownerDetails": {
            "id": "7409c53f-932f-4796-80a7-ef7a8dd3edb4",
            "name": "Rajaneesh",
            "phone": "+919876543210",
            "email": "rajtest@gmail.com"
        },
        "dimension": {
            "id": "42a39e25-2330-4173-8d45-41022c88c1a7",
            "area": 1000,
            "areaUnitId": "fd8de64b-47c4-4083-84a5-571f746e6c87",
            "conversionFactor": 0,
            "unit": null,
            "length": null,
            "breadth": null,
            "carpetArea": 1000,
            "carpetAreaId": "fd8de64b-47c4-4083-84a5-571f746e6c87",
            "carpetAreaConversionFactor": 0,
            "buildUpArea": 1500,
            "buildUpAreaId": "fd8de64b-47c4-4083-84a5-571f746e6c87",
            "buildUpConversionFactor": 0,
            "saleableArea": 1400,
            "saleableAreaId": "fd8de64b-47c4-4083-84a5-571f746e6c87",
            "saleableAreaConversionFactor": 0
        },
        "tagInfo": {
            "id": "ad2f8cd7-0619-442a-9aac-140cb9a4ae27",
            "isFeatured": false,
            "isGOListingEnabled": false,
            "isValidated": false
        },
        "imageUrls": {
            "Balcony": [
                {
                    "imageFilePath": "Images/propertyGallery/042720246696440042720246694806.png",
                    "isCoverImage": true
                },
                {
                    "imageFilePath": "Images/propertyGallery/042720249413233042720249412354.png",
                    "isCoverImage": false
                },
                {
                    "imageFilePath": "Images/propertyGallery/042720242374321042720242356373.jpeg",
                    "isCoverImage": false
                },
                {
                    "imageFilePath": "Images/propertyGallery/042720245128170042720245110821.jpeg",
                    "isCoverImage": false
                }
            ]
        },
        "amenities": [
            "08100000-c88d-8a11-f04b-08dc7c803342",
            "08100000-c88d-8a11-1bb9-08dc7c803345",
            "08100000-c88d-8a11-8cfe-08dc7c803346",
            "08100000-c88d-8a11-0a17-08dc7c803348",
            "08100000-c88d-8a11-75a6-08dc7c803349",
            "08100000-c88d-8a11-e45a-08dc7c80334a",
            "08100000-c88d-8a11-6fd3-08dc7c80334c",
            "08100000-c88d-8a11-02f6-08dc7c80334e",
            "08100000-c88d-8a11-8793-08dc7c80334f",
            "08100000-c88d-8a11-0d79-08dc7c803351",
            "08100000-c88d-8a11-91b5-08dc7c803352",
            "08100000-c88d-8a11-13af-08dc7c803354",
            "08100000-c88d-8a11-68d0-08dc7c803355",
            "08100000-c88d-8a11-c04c-08dc7c803356",
            "08100000-c88d-8a11-4997-08dc7c803358",
            "08100000-c88d-8a11-c1e0-08dc7c803359",
            "08100000-c88d-8a11-2ef7-08dc7c80335b",
            "08100000-c88d-8a11-b3f2-08dc7c80335c",
            "08100000-c88d-8a11-4b92-08dc7c80335e",
            "08100000-c88d-8a11-1093-08dc7c803360",
            "08100000-c88d-8a11-da3d-08dc7c803361",
            "08100000-c88d-8a11-89d5-08dc7c803363",
            "08100000-c88d-8a11-1bc9-08dc7c803365",
            "08100000-c88d-8a11-a25d-08dc7c803366",
            "08100000-c88d-8a11-59e7-08dc7c803368",
            "08100000-c88d-8a11-1297-08dc7c80336a",
            "08100000-c88d-8a11-a66f-08dc7c80336b",
            "08100000-c88d-8a11-2601-08dc7c80336d",
            "08100000-c88d-8a11-b20f-08dc7c80336e",
            "08100000-c88d-8a11-559b-08dc7c803370",
            "08100000-c88d-8a11-ce2e-08dc7c803371",
            "08100000-c88d-8a11-74e5-08dc7c803373",
            "08100000-c88d-8a11-fc38-08dc7c803374",
            "08100000-c88d-8a11-96e3-08dc7c803376",
            "08100000-c88d-8a11-3ddc-08dc7c803378",
            "08100000-c88d-8a11-b866-08dc7c803379",
            "08100000-c88d-8a11-5367-08dc7c80337b",
            "08100000-c88d-8a11-2873-08dc7c80337d",
            "08100000-c88d-8a11-b997-08dc7c80337e",
            "08100000-c88d-8a11-4e2c-08dc7c803380",
            "08100000-c88d-8a11-8913-08dc7c803382",
            "08100000-c88d-8a11-d0b3-08dc7c803384",
            "08100000-c88d-8a11-1809-08dc7c803387",
            "08100000-c88d-8a11-c1f7-08dc7c803388",
            "08100000-c88d-8a11-809d-08dc7c80338a",
            "08100000-c88d-8a11-518b-08dc7c80338c",
            "08100000-c88d-8a11-d8e1-08dc7c80338d",
            "08100000-c88d-8a11-58c5-08dc7c80338f",
            "08100000-c88d-8a11-fafd-08dc7c803390",
            "08100000-c88d-8a11-9c49-08dc7c803392",
            "08100000-c88d-8a11-42b2-08dc7c803394",
            "08100000-c88d-8a11-3031-08dc7c803396",
            "08100000-c88d-8a11-d51c-08dc7c803397",
            "08100000-c88d-8a11-55a0-08dc7c803399",
            "08100000-c88d-8a11-ce94-08dc7c80339a",
            "08100000-c88d-8a11-5df5-08dc7c80339c",
            "08100000-c88d-8a11-0786-08dc7c80339e",
            "08100000-c88d-8a11-d158-08dc7c8033a0",
            "08100000-c88d-8a11-052a-08dc7c8033a3",
            "08100000-c88d-8a11-b0d8-08dc7c8033a4",
            "08100000-c88d-8a11-cead-08dc7c8033a6",
            "08100000-c88d-8a11-6b91-08dc7c8033a8",
            "08100000-c88d-8a11-03a0-08dc7c8033aa",
            "08100000-c88d-8a11-8c4b-08dc7c8033ab",
            "08100000-c88d-8a11-4c8e-08dc7c8033ad",
            "08100000-c88d-8a11-1a73-08dc7c8033af",
            "08100000-c88d-8a11-e3ec-08dc7c8033b0",
            "08100000-c88d-8a11-c0a5-08dc7c8033b2",
            "08100000-c88d-8a11-c56b-08dc7c8033b4",
            "08100000-c88d-8a11-83ef-08dc7c8033b6",
            "08100000-c88d-8a11-236e-08dc7c8033b8",
            "08100000-c88d-8a11-b4d0-08dc7c8033b9",
            "08100000-c88d-8a11-4db6-08dc7c8033bb",
            "08100000-c88d-8a11-e593-08dc7c8033bc",
            "08100000-c88d-8a11-9c56-08dc7c8033be",
            "08100000-c88d-8a11-8879-08dc7c8033c0",
            "08100000-c88d-8a11-33e5-08dc7c8033c2",
            "08100000-c88d-8a11-c929-08dc7c8033c3",
            "08100000-c88d-8a11-9242-08dc7c8033c5",
            "08100000-c88d-8a11-2b89-08dc7c8033c7",
            "08100000-c88d-8a11-e9fb-08dc7c8033c8",
            "08100000-c88d-8a11-66e2-08dc7c8033cb",
            "08100000-c88d-8a11-f678-08dc7c8033cd",
            "08100000-c88d-8a11-c727-08dc7c8033d0",
            "08100000-c88d-8a11-3eb4-08dc7c8033d3",
            "08100000-c88d-8a11-1dc6-08dc7c8033d5",
            "08100000-c88d-8a11-04ef-08dc7c8033d7",
            "08100000-c88d-8a11-a7e4-08dc7c8033d8",
            "08100000-c88d-8a11-5ba7-08dc7c8033da",
            "08100000-c88d-8a11-65b5-08dc7c8033dc"
        ],
        "isArchived": false,
        "brochures": [
            {
                "name": "dummy",
                "url": "Images/propertyDocument/042720240707488042720240706500.pdf"
            }
        ],
        "whatsAppShareCount": 0,
        "callShareCount": 0,
        "emailShareCount": 0,
        "smsShareCount": 0,
        "aboutProperty": "New property",
        "address": {
            "id": "7b390000-acba-7265-fbee-08dbc6715440",
            "placeId": "ChIJVaU9EY4UrjsRIrtCkznuBEc",
            "subLocality": "Hsr Bda Complex, Sector 6, HSR Layout",
            "locality": "Bengaluru",
            "district": "Bangalore Division",
            "city": "Bengaluru",
            "state": "Karnataka",
            "country": "India",
            "postalCode": "560102",
            "longitude": "77.63727779999999",
            "latitude": "12.9137634",
            "isGoogleMapLocation": true,
            "locationId": "c518f027-cef5-41b0-9628-1f4971af5ca7",
            "location": null
        },
        "landmark": null,
        "maintenanceCost": null,
        "myProperty": 0,
        "propertySource": 0,
        "unitNo": 0,
        "links": [
            
        ],
        "projects": null,
        "project": "Lrb.Domain.Entities.Project",
        "serialNo": "DE0000003339",
        "assignedTo": [
            "83a6cc4e-3aed-4d88-950b-ca938a164b4a"
        ]
    }
}
api.test.TC0005_api - ----Property added with more info: 5dc0d27a-c75d-4fc0-924a-e7485b3991c4

]]></system-out>
  </testcase>
</testsuite>