<?xml version="1.0" encoding="UTF-8"?>
<!-- Generated by org.testng.reporters.JUnitReportReporter -->
<testsuite hostname="Rajaneesh" failures="0" tests="1" name="web.test.TC007_NotInterested" time="22.086" errors="0" timestamp="2024-07-21T19:20:19 IST" skipped="0">
  <testcase classname="web.test.TC007_NotInterested" name="statusNi" time="22.086"/>
</testsuite> <!-- web.test.TC007_NotInterested -->
