<?xml version="1.0" encoding="UTF-8"?>
<!-- Generated by org.testng.reporters.JUnitReportReporter -->
<testsuite hostname="Rajaneesh" failures="0" tests="1" name="web.test.TC010_BookingForm" time="58.433" errors="0" timestamp="2024-07-27T09:36:45 IST" skipped="0">
  <testcase classname="web.test.TC010_BookingForm" name="Updating_leadStatus_as_Booked_by_filling_BookingForm_and_cancelling_Booking" time="58.433"/>
</testsuite> <!-- web.test.TC010_BookingForm -->
