<?xml version="1.0" encoding="UTF-8"?>
<!-- Generated by org.testng.reporters.JUnitReportReporter -->
<testsuite hostname="Rajaneesh" failures="0" tests="2" name="web.test.TC001_AddLead" time="44.062" errors="0" timestamp="2024-07-23T21:29:15 IST" skipped="1">
  <testcase classname="web.test.TC001_AddLead" name="Creating_a_Lead_through_Web" time="28.540"/>
  <testcase classname="web.test.TC001_AddLead" name="Creating_a_Lead_through_Web" time="15.522">
    <skipped/>
  </testcase> <!-- Creating_a_Lead_through_Web -->
</testsuite> <!-- web.test.TC001_AddLead -->
