<?xml version="1.0" encoding="UTF-8"?>
<!-- Generated by org.testng.reporters.JUnitReportReporter -->
<testsuite hostname="Rajaneesh" failures="0" tests="11" name="api.test.TC0001_api" time="23.984" errors="0" timestamp="2024-08-08T21:57:54 IST" skipped="1">
  <testcase classname="api.test.TC0001_api" name="Creating_EstateDekho_Lead" time="1.799"/>
  <testcase classname="api.test.TC0001_api" name="Creating_MagicBricks_Lead" time="3.344"/>
  <testcase classname="api.test.TC0001_api" name="Creating_quikrHomes_Lead" time="1.735"/>
  <testcase classname="api.test.TC0001_api" name="Creating_MicrosoftAds_Lead" time="1.914"/>
  <testcase classname="api.test.TC0001_api" name="Creating_Website_Lead" time="1.860"/>
  <testcase classname="api.test.TC0001_api" name="Creating_RoofFloor_Lead" time="1.756"/>
  <testcase classname="api.test.TC0001_api" name="Creating_CommonFloor_Lead" time="6.837"/>
  <testcase classname="api.test.TC0001_api" name="Creating_GoogleAds_Lead" time="2.148"/>
  <testcase classname="api.test.TC0001_api" name="Creating_Housing_Lead" time="1.597"/>
  <testcase classname="api.test.TC0001_api" name="Creating_NinetyNineAcres_Lead" time="0.994"/>
  <testcase classname="api.test.TC0001_api" name="Creating_RealestaeIndia_Lead">
    <skipped/>
  </testcase> <!-- Creating_RealestaeIndia_Lead -->
</testsuite> <!-- api.test.TC0001_api -->
