<?xml version="1.0" encoding="UTF-8"?>
<!-- Generated by org.testng.reporters.JUnitReportReporter -->
<testsuite hostname="Rajaneesh" failures="0" tests="1" name="web.test.TC008_Drop" time="17.203" errors="0" timestamp="2024-07-23T21:29:15 IST" skipped="0">
  <testcase classname="web.test.TC008_Drop" name="Updating_LeadStatus_to_Drop" time="17.203"/>
</testsuite> <!-- web.test.TC008_Drop -->
