<?xml version="1.0" encoding="UTF-8"?>
<!-- Generated by org.testng.reporters.JUnitReportReporter -->
<testsuite hostname="Rajaneesh" failures="0" tests="1" name="testCases.Tc001_AddLead" time="17.098" errors="0" timestamp="2024-05-07T10:49:41 IST" skipped="0">
  <testcase classname="testCases.Tc001_AddLead" name="addingLead" time="17.098"/>
  <system-out/>
</testsuite> <!-- testCases.Tc001_AddLead -->
