<?xml version="1.0" encoding="UTF-8"?>
<!-- Generated by org.testng.reporters.JUnitReportReporter -->
<testsuite hostname="Rajaneesh" failures="0" tests="4" name="api.test.TC0001" time="13.058" errors="0" timestamp="2024-03-12T18:49:03 IST" skipped="0">
  <testcase classname="api.test.TC0001" name="postRoofFloor" time="1.795"/>
  <system-out/>
  <testcase classname="api.test.TC0001" name="postHousing" time="1.773"/>
  <system-out/>
  <testcase classname="api.test.TC0001" name="postmicrosoftAds" time="1.805"/>
  <system-out/>
  <testcase classname="api.test.TC0001" name="NinetyNineAcres" time="7.685"/>
  <system-out/>
</testsuite> <!-- api.test.TC0001 -->
