<?xml version="1.0" encoding="UTF-8"?>
<!-- Generated by org.testng.reporters.JUnitReportReporter -->
<testsuite hostname="Rajaneesh" failures="0" tests="1" name="web.test.TC004_Callback" time="20.807" errors="0" timestamp="2024-07-23T00:02:33 IST" skipped="0">
  <testcase classname="web.test.TC004_Callback" name="callbackStatus" time="20.807"/>
</testsuite> <!-- web.test.TC004_Callback -->
