<?xml version="1.0" encoding="UTF-8"?>
<!-- Generated by org.testng.reporters.JUnitReportReporter -->
<testsuite hostname="Rajaneesh" failures="0" tests="2" name="api.test.TC0005_api" time="5.239" errors="0" timestamp="2024-07-25T23:27:39 IST" skipped="0">
  <testcase classname="api.test.TC0005_api" name="Creating_a_Property_through_API" time="2.422"/>
  <testcase classname="api.test.TC0005_api" name="Adding_more_info_to_the_property" time="2.817"/>
</testsuite> <!-- api.test.TC0005_api -->
