<?xml version="1.0" encoding="UTF-8"?>
<!-- Generated by org.testng.reporters.JUnitReportReporter -->
<testsuite hostname="Rajaneesh" failures="0" tests="1" name="web.test.TC002_AddData" time="27.313" errors="0" timestamp="2024-06-13T21:04:25 IST" skipped="0">
  <testcase classname="web.test.TC002_AddData" name="addingData" time="27.313"/>
</testsuite> <!-- web.test.TC002_AddData -->
