<?xml version="1.0" encoding="UTF-8"?>
<!-- Generated by org.testng.reporters.JUnitReportReporter -->
<testsuite hostname="Rajaneesh" failures="0" tests="2" name="web.test.TC006_SiteVisit" time="58.431" errors="0" timestamp="2024-08-08T21:57:54 IST" skipped="1">
  <testcase classname="web.test.TC006_SiteVisit" name="Scheduling_a_SiteVisit_and_Marking_it_as_Done" time="28.837">
    <skipped/>
  </testcase> <!-- Scheduling_a_SiteVisit_and_Marking_it_as_Done -->
  <testcase classname="web.test.TC006_SiteVisit" name="Scheduling_a_SiteVisit_and_Marking_it_as_Done" time="29.594"/>
</testsuite> <!-- web.test.TC006_SiteVisit -->
