<?xml version="1.0" encoding="UTF-8"?>
<!-- Generated by org.testng.reporters.JUnitReportReporter -->
<testsuite hostname="Rajaneesh" failures="0" tests="1" name="testCases.Tc001_AddLead" time="21.845" errors="0" timestamp="2024-04-24T16:31:37 IST" skipped="0">
  <testcase classname="testCases.Tc001_AddLead" name="addingLead" time="21.845"/>
  <system-out/>
</testsuite> <!-- testCases.Tc001_AddLead -->
