<?xml version="1.0" encoding="UTF-8"?>
<!-- Generated by org.testng.reporters.JUnitReportReporter -->
<testsuite hostname="Rajaneesh" failures="0" tests="1" name="api.test.Test_api" time="0.120" errors="0" timestamp="2024-04-25T14:55:24 IST" skipped="0">
  <testcase classname="api.test.Test_api" name="apitest" time="0.120"/>
  <system-out/>
</testsuite> <!-- api.test.Test_api -->
