<?xml version="1.0" encoding="UTF-8"?>
<!-- Generated by org.testng.reporters.JUnitReportReporter -->
<testsuite hostname="Rajaneesh" failures="0" tests="4" name="web.test.TC003_dpTest" time="24.772" errors="0" timestamp="2024-07-23T21:29:15 IST" skipped="0">
  <testcase classname="web.test.TC003_dpTest" name="Logging_in_with_multiple_credentials" time="4.508"/>
  <testcase classname="web.test.TC003_dpTest" name="Logging_in_with_multiple_credentials" time="5.157"/>
  <testcase classname="web.test.TC003_dpTest" name="Logging_in_with_multiple_credentials" time="6.245"/>
  <testcase classname="web.test.TC003_dpTest" name="Logging_in_with_multiple_credentials" time="8.862"/>
</testsuite> <!-- web.test.TC003_dpTest -->
