<?xml version="1.0" encoding="UTF-8"?>
<!-- Generated by org.testng.reporters.JUnitReportReporter -->
<testsuite hostname="Rajaneesh" failures="0" tests="1" name="web.test.TC006_SiteVisit" time="25.987" errors="0" timestamp="2024-07-23T00:02:33 IST" skipped="0">
  <testcase classname="web.test.TC006_SiteVisit" name="callbackStatus" time="25.987"/>
</testsuite> <!-- web.test.TC006_SiteVisit -->
