<?xml version="1.0" encoding="UTF-8"?>
<!-- Generated by org.testng.reporters.JUnitReportReporter -->
<testsuite hostname="Rajaneesh" failures="0" tests="5" name="web.test.TC003_dpTest" time="64.279" errors="0" timestamp="2024-07-25T23:27:39 IST" skipped="1">
  <testcase classname="web.test.TC003_dpTest" name="Logging_in_with_multiple_credentials" time="21.052">
    <skipped/>
  </testcase> <!-- Logging_in_with_multiple_credentials -->
  <testcase classname="web.test.TC003_dpTest" name="Logging_in_with_multiple_credentials" time="14.101"/>
  <testcase classname="web.test.TC003_dpTest" name="Logging_in_with_multiple_credentials" time="9.079"/>
  <testcase classname="web.test.TC003_dpTest" name="Logging_in_with_multiple_credentials" time="9.463"/>
  <testcase classname="web.test.TC003_dpTest" name="Logging_in_with_multiple_credentials" time="10.584"/>
</testsuite> <!-- web.test.TC003_dpTest -->
