<?xml version="1.0" encoding="UTF-8"?>
<!-- Generated by org.testng.reporters.JUnitReportReporter -->
<testsuite hostname="Rajaneesh" failures="0" tests="1" name="api.test.TC0002_api" time="1.979" errors="0" timestamp="2024-07-23T00:02:33 IST" skipped="0">
  <testcase classname="api.test.TC0002_api" name="addLead" time="1.979"/>
</testsuite> <!-- api.test.TC0002_api -->
