<?xml version="1.0" encoding="UTF-8"?>
<!-- Generated by org.testng.reporters.JUnitReportReporter -->
<testsuite hostname="Rajaneesh" failures="0" tests="1" name="web.test.TC007_NotInterested" time="18.831" errors="0" timestamp="2024-08-08T21:57:54 IST" skipped="0">
  <testcase classname="web.test.TC007_NotInterested" name="Updating_LeadStatus_to_NotInterested" time="18.831"/>
</testsuite> <!-- web.test.TC007_NotInterested -->
