<?xml version="1.0" encoding="UTF-8"?>
<!-- Generated by org.testng.reporters.JUnitReportReporter -->
<testsuite hostname="Rajaneesh" failures="0" tests="2" name="api.test.TC0005_api" time="12.321" errors="0" timestamp="2024-10-06T16:00:35 IST" skipped="0">
  <testcase classname="api.test.TC0005_api" name="Creating_a_Property_through_API" time="5.709"/>
  <testcase classname="api.test.TC0005_api" name="Adding_more_info_to_the_property" time="6.612"/>
</testsuite> <!-- api.test.TC0005_api -->
