<?xml version="1.0" encoding="UTF-8"?>
<!-- Generated by org.testng.reporters.JUnitReportReporter -->
<testsuite hostname="Rajaneesh" failures="0" tests="1" name="web.test.TC009_EOP" time="24.630" errors="0" timestamp="2024-10-06T16:00:35 IST" skipped="0">
  <testcase classname="web.test.TC009_EOP" name="Updating_LeadStatus_to_ExpressionofInterest" time="24.630"/>
</testsuite> <!-- web.test.TC009_EOP -->
