<?xml version="1.0" encoding="UTF-8"?>
<!-- Generated by org.testng.reporters.JUnitReportReporter -->
<testsuite hostname="Rajaneesh" failures="0" tests="1" name="web.test.Tc0002_AddData" time="28.833" errors="0" timestamp="2024-06-13T20:49:18 IST" skipped="0">
  <testcase classname="web.test.Tc0002_AddData" name="addingData" time="28.833"/>
</testsuite> <!-- web.test.Tc0002_AddData -->
