<?xml version="1.0" encoding="UTF-8"?>
<!-- Generated by org.testng.reporters.JUnitReportReporter -->
<testsuite hostname="Rajaneesh" failures="0" tests="1" name="web.test.TC001_AddLead" time="30.512" errors="0" timestamp="2024-07-25T23:27:39 IST" skipped="0">
  <testcase classname="web.test.TC001_AddLead" name="Creating_a_Lead_through_Web" time="30.512"/>
</testsuite> <!-- web.test.TC001_AddLead -->
