<?xml version="1.0" encoding="UTF-8"?>
<!-- Generated by org.testng.reporters.JUnitReportReporter -->
<testsuite hostname="Rajaneesh" failures="0" tests="11" name="api.test.TC0001_api" time="21.216" errors="0" timestamp="2024-07-21T19:20:19 IST" skipped="0">
  <testcase classname="api.test.TC0001_api" name="magicBricks" time="0.900"/>
  <testcase classname="api.test.TC0001_api" name="microsoftAds" time="1.520"/>
  <testcase classname="api.test.TC0001_api" name="quikrHomes" time="1.620"/>
  <testcase classname="api.test.TC0001_api" name="commonFloor" time="0.906"/>
  <testcase classname="api.test.TC0001_api" name="Housing" time="7.181"/>
  <testcase classname="api.test.TC0001_api" name="roofFloor" time="1.638"/>
  <testcase classname="api.test.TC0001_api" name="NinetyNineAcres" time="1.396"/>
  <testcase classname="api.test.TC0001_api" name="website" time="1.624"/>
  <testcase classname="api.test.TC0001_api" name="googleAds" time="0.921"/>
  <testcase classname="api.test.TC0001_api" name="estateDekho" time="1.658"/>
  <testcase classname="api.test.TC0001_api" name="realestaeIndia" time="1.852"/>
</testsuite> <!-- api.test.TC0001_api -->
