<?xml version="1.0" encoding="UTF-8"?>
<!-- Generated by org.testng.reporters.JUnitReportReporter -->
<testsuite hostname="Rajaneesh" failures="0" tests="1" name="web.test.TC001_AddLead" time="29.720" errors="0" timestamp="2024-08-02T09:04:06 IST" skipped="0">
  <testcase classname="web.test.TC001_AddLead" name="Creating_a_Lead_through_Web" time="29.720"/>
</testsuite> <!-- web.test.TC001_AddLead -->
