<?xml version="1.0" encoding="UTF-8"?>
<!-- Generated by org.testng.reporters.JUnitReportReporter -->
<testsuite hostname="Rajaneesh" failures="0" tests="2" name="web.test.TC005_Meeting" time="67.049" errors="0" timestamp="2024-07-27T21:20:54 IST" skipped="1">
  <testcase classname="web.test.TC005_Meeting" name="Scheduling_a_Meeting_and_Marking_it_as_Done" time="32.133"/>
  <testcase classname="web.test.TC005_Meeting" name="Scheduling_a_Meeting_and_Marking_it_as_Done" time="34.916">
    <skipped/>
  </testcase> <!-- Scheduling_a_Meeting_and_Marking_it_as_Done -->
</testsuite> <!-- web.test.TC005_Meeting -->
