<?xml version="1.0" encoding="UTF-8"?>
<!-- Generated by org.testng.reporters.JUnitReportReporter -->
<testsuite hostname="Rajaneesh" failures="0" tests="1" name="web.test.TC002_AddData" time="29.493" errors="0" timestamp="2024-07-23T21:29:15 IST" skipped="0">
  <testcase classname="web.test.TC002_AddData" name="Creating_a_Data_through_Web" time="29.493"/>
</testsuite> <!-- web.test.TC002_AddData -->
