<?xml version="1.0" encoding="UTF-8"?>
<!-- Generated by org.testng.reporters.JUnitReportReporter -->
<testsuite hostname="Rajaneesh" failures="0" tests="1" name="web.test.TC009_EOP" time="13.328" errors="0" timestamp="2024-07-23T00:02:33 IST" skipped="0">
  <testcase classname="web.test.TC009_EOP" name="statusEop" time="13.328"/>
</testsuite> <!-- web.test.TC009_EOP -->
