<?xml version="1.0" encoding="UTF-8"?>
<!-- Generated by org.testng.reporters.JUnitReportReporter -->
<testsuite hostname="Rajaneesh" failures="0" tests="2" name="mob.test.TC002_mob" time="35.865" errors="0" timestamp="2024-05-07T21:29:25 IST" skipped="0">
  <testcase classname="mob.test.TC002_mob" name="loginTest" time="26.769"/>
  <system-out/>
  <testcase classname="mob.test.TC002_mob" name="testLead" time="9.096"/>
  <system-out/>
</testsuite> <!-- mob.test.TC002_mob -->
