<?xml version="1.0" encoding="UTF-8"?>
<!-- Generated by org.testng.reporters.JUnitReportReporter -->
<testsuite hostname="Rajaneesh" failures="0" tests="1" name="web.test.TC004_Callback" time="27.843" errors="0" timestamp="2024-07-25T23:27:39 IST" skipped="0">
  <testcase classname="web.test.TC004_Callback" name="Updating_LeadStatus_to_Callback" time="27.843"/>
</testsuite> <!-- web.test.TC004_Callback -->
