<?xml version="1.0" encoding="UTF-8"?>
<!-- Generated by org.testng.reporters.JUnitReportReporter -->
<testsuite hostname="Rajaneesh" failures="0" tests="11" name="api.test.TC0001_api" time="15.820" errors="0" timestamp="2024-07-23T21:29:15 IST" skipped="1">
  <testcase classname="api.test.TC0001_api" name="Creating_EstateDekho_Lead" time="1.066"/>
  <testcase classname="api.test.TC0001_api" name="Creating_Housing_Lead" time="1.117"/>
  <testcase classname="api.test.TC0001_api" name="Creating_CommonFloor_Lead" time="6.369"/>
  <testcase classname="api.test.TC0001_api" name="Creating_quikrHomes_Lead" time="0.936"/>
  <testcase classname="api.test.TC0001_api" name="Creating_GoogleAds_Lead" time="0.926"/>
  <testcase classname="api.test.TC0001_api" name="Creating_RoofFloor_Lead" time="0.925"/>
  <testcase classname="api.test.TC0001_api" name="Creating_MicrosoftAds_Lead" time="0.893"/>
  <testcase classname="api.test.TC0001_api" name="Creating_Website_Lead" time="1.227"/>
  <testcase classname="api.test.TC0001_api" name="Creating_NinetyNineAcres_Lead" time="1.002"/>
  <testcase classname="api.test.TC0001_api" name="Creating_MagicBricks_Lead" time="1.359"/>
  <testcase classname="api.test.TC0001_api" name="Creating_RealestaeIndia_Lead">
    <skipped/>
  </testcase> <!-- Creating_RealestaeIndia_Lead -->
</testsuite> <!-- api.test.TC0001_api -->
