<?xml version="1.0" encoding="UTF-8"?>
<!-- Generated by org.testng.reporters.JUnitReportReporter -->
<testsuite hostname="Rajaneesh" failures="0" tests="2" name="api.test.TC0005_api" time="7.085" errors="0" timestamp="2024-05-06T11:19:53 IST" skipped="0">
  <testcase classname="api.test.TC0005_api" name="testProperty" time="4.618"/>
  <system-out/>
  <testcase classname="api.test.TC0005_api" name="moreInfo" time="2.467"/>
  <system-out/>
</testsuite> <!-- api.test.TC0005_api -->
