<?xml version="1.0" encoding="UTF-8"?>
<!-- Generated by org.testng.reporters.JUnitReportReporter -->
<testsuite hostname="Rajaneesh" failures="0" tests="4" name="api.test.TC0001" time="13.216" errors="0" timestamp="2024-03-11T21:47:13 IST" skipped="0">
  <testcase classname="api.test.TC0001" name="postmicrosoftAds" time="1.933"/>
  <system-out/>
  <testcase classname="api.test.TC0001" name="postHousing" time="2.006"/>
  <system-out/>
  <testcase classname="api.test.TC0001" name="postRoofFloor" time="2.287"/>
  <system-out/>
  <testcase classname="api.test.TC0001" name="NinetyNineAcres" time="6.990"/>
  <system-out/>
</testsuite> <!-- api.test.TC0001 -->
