<?xml version="1.0" encoding="UTF-8"?>
<!-- Generated by org.testng.reporters.JUnitReportReporter -->
<testsuite hostname="Rajaneesh" failures="0" tests="11" name="api.test.TC0001_api" time="21.710" errors="0" timestamp="2024-05-05T21:38:42 IST" skipped="1">
  <testcase classname="api.test.TC0001_api" name="roofFloor" time="1.722"/>
  <system-out/>
  <testcase classname="api.test.TC0001_api" name="website" time="1.739"/>
  <system-out/>
  <testcase classname="api.test.TC0001_api" name="googleAds" time="2.100"/>
  <system-out/>
  <testcase classname="api.test.TC0001_api" name="NinetyNineAcres" time="1.720"/>
  <system-out/>
  <testcase classname="api.test.TC0001_api" name="microsoftAds" time="1.833"/>
  <system-out/>
  <testcase classname="api.test.TC0001_api" name="estateDekho" time="1.782"/>
  <system-out/>
  <testcase classname="api.test.TC0001_api" name="commonFloor" time="1.117"/>
  <system-out/>
  <testcase classname="api.test.TC0001_api" name="Housing" time="6.206"/>
  <system-out/>
  <testcase classname="api.test.TC0001_api" name="magicBricks" time="1.843"/>
  <system-out/>
  <testcase classname="api.test.TC0001_api" name="quikrHomes" time="1.648"/>
  <system-out/>
  <testcase classname="api.test.TC0001_api" name="realestaeIndia">
    <skipped/>
  </testcase> <!-- realestaeIndia -->
  <system-out/>
</testsuite> <!-- api.test.TC0001_api -->
