<?xml version="1.0" encoding="UTF-8"?>
<!-- Generated by org.testng.reporters.JUnitReportReporter -->
<testsuite hostname="Rajaneesh" failures="0" tests="5" name="api.test.TC0004_api" time="5.620" errors="0" timestamp="2024-07-25T23:27:39 IST" skipped="0">
  <testcase classname="api.test.TC0004_api" name="Creating_Project_through_API" time="2.174"/>
  <testcase classname="api.test.TC0004_api" name="Creating_a_Unit_to_Project_through_API" time="0.746"/>
  <testcase classname="api.test.TC0004_api" name="Creating_a_Block_to_Project_through_API" time="0.530"/>
  <testcase classname="api.test.TC0004_api" name="Adding_Amenities_to_Project_through_API" time="1.332"/>
  <testcase classname="api.test.TC0004_api" name="Adding_images_to_Project" time="0.838"/>
</testsuite> <!-- api.test.TC0004_api -->
