<?xml version="1.0" encoding="UTF-8"?>
<!-- Generated by org.testng.reporters.JUnitReportReporter -->
<testsuite hostname="Rajaneesh" failures="0" tests="1" name="web.test.TC009_EOP" time="31.855" errors="0" timestamp="2024-07-25T23:27:39 IST" skipped="0">
  <testcase classname="web.test.TC009_EOP" name="Updating_LeadStatus_to_ExpressionofInterest" time="31.855"/>
</testsuite> <!-- web.test.TC009_EOP -->
