<?xml version="1.0" encoding="UTF-8"?>
<!-- Generated by org.testng.reporters.JUnitReportReporter -->
<testsuite hostname="Rajaneesh" failures="0" tests="11" name="api.test.TC0001_api" time="58.771" errors="0" timestamp="2024-04-23T17:36:57 IST" skipped="1">
  <testcase classname="api.test.TC0001_api" name="commonFloor" time="2.828"/>
  <system-out/>
  <testcase classname="api.test.TC0001_api" name="estateDekho" time="6.759"/>
  <system-out/>
  <testcase classname="api.test.TC0001_api" name="googleAds" time="7.392"/>
  <system-out/>
  <testcase classname="api.test.TC0001_api" name="magicBricks" time="2.020"/>
  <system-out/>
  <testcase classname="api.test.TC0001_api" name="quikrHomes" time="5.473"/>
  <system-out/>
  <testcase classname="api.test.TC0001_api" name="NinetyNineAcres" time="12.432"/>
  <system-out/>
  <testcase classname="api.test.TC0001_api" name="postmicrosoftAds" time="5.473"/>
  <system-out/>
  <testcase classname="api.test.TC0001_api" name="website" time="7.088"/>
  <system-out/>
  <testcase classname="api.test.TC0001_api" name="postRoofFloor" time="5.539"/>
  <system-out/>
  <testcase classname="api.test.TC0001_api" name="postHousing" time="3.767"/>
  <system-out/>
  <testcase classname="api.test.TC0001_api" name="realestaeIndia">
    <skipped/>
  </testcase> <!-- realestaeIndia -->
  <system-out/>
</testsuite> <!-- api.test.TC0001_api -->
