<?xml version="1.0" encoding="UTF-8"?>
<!-- Generated by org.testng.reporters.JUnitReportReporter -->
<testsuite hostname="Rajaneesh" failures="0" tests="5" name="web.test.TC003_dpTest" time="121.232" errors="0" timestamp="2024-07-08T22:28:24 IST" skipped="0">
  <testcase classname="web.test.TC003_dpTest" name="LoginDDt" time="26.236"/>
  <testcase classname="web.test.TC003_dpTest" name="LoginDDt" time="26.871"/>
  <testcase classname="web.test.TC003_dpTest" name="LoginDDt" time="27.061"/>
  <testcase classname="web.test.TC003_dpTest" name="LoginDDt" time="10.099"/>
  <testcase classname="web.test.TC003_dpTest" name="LoginDDt" time="30.965"/>
</testsuite> <!-- web.test.TC003_dpTest -->
