<?xml version="1.0" encoding="UTF-8"?>
<!-- Generated by org.testng.reporters.JUnitReportReporter -->
<testsuite hostname="Rajaneesh" failures="0" tests="2" name="api.test.TC0005_api" time="3.992" errors="0" timestamp="2024-07-21T19:20:19 IST" skipped="0">
  <testcase classname="api.test.TC0005_api" name="testProperty" time="1.366"/>
  <testcase classname="api.test.TC0005_api" name="moreInfo" time="2.626"/>
</testsuite> <!-- api.test.TC0005_api -->
