<?xml version="1.0" encoding="UTF-8"?>
<!-- Generated by org.testng.reporters.JUnitReportReporter -->
<testsuite hostname="Rajaneesh" failures="0" tests="11" name="api.test.TC0001_api" time="22.328" errors="0" timestamp="2024-07-25T23:27:39 IST" skipped="1">
  <testcase classname="api.test.TC0001_api" name="Creating_Housing_Lead" time="1.090"/>
  <testcase classname="api.test.TC0001_api" name="Creating_GoogleAds_Lead" time="1.083"/>
  <testcase classname="api.test.TC0001_api" name="Creating_quikrHomes_Lead" time="0.897"/>
  <testcase classname="api.test.TC0001_api" name="Creating_MicrosoftAds_Lead" time="1.144"/>
  <testcase classname="api.test.TC0001_api" name="Creating_NinetyNineAcres_Lead" time="1.543"/>
  <testcase classname="api.test.TC0001_api" name="Creating_Website_Lead" time="1.324"/>
  <testcase classname="api.test.TC0001_api" name="Creating_EstateDekho_Lead" time="1.173"/>
  <testcase classname="api.test.TC0001_api" name="Creating_MagicBricks_Lead" time="0.931"/>
  <testcase classname="api.test.TC0001_api" name="Creating_CommonFloor_Lead" time="11.917"/>
  <testcase classname="api.test.TC0001_api" name="Creating_RoofFloor_Lead" time="1.226"/>
  <testcase classname="api.test.TC0001_api" name="Creating_RealestaeIndia_Lead">
    <skipped/>
  </testcase> <!-- Creating_RealestaeIndia_Lead -->
</testsuite> <!-- api.test.TC0001_api -->
