<?xml version="1.0" encoding="UTF-8"?>
<!-- Generated by org.testng.reporters.JUnitReportReporter -->
<testsuite hostname="Rajaneesh" failures="0" tests="5" name="api.test.TC0004_api" time="3.382" errors="0" timestamp="2024-07-23T00:02:33 IST" skipped="0">
  <testcase classname="api.test.TC0004_api" name="testProject" time="1.052"/>
  <testcase classname="api.test.TC0004_api" name="testUnit" time="0.465"/>
  <testcase classname="api.test.TC0004_api" name="testBlock" time="0.273"/>
  <testcase classname="api.test.TC0004_api" name="testAmenity" time="1.285"/>
  <testcase classname="api.test.TC0004_api" name="testGallery" time="0.307"/>
</testsuite> <!-- api.test.TC0004_api -->
