<?xml version="1.0" encoding="UTF-8"?>
<!-- Generated by org.testng.reporters.JUnitReportReporter -->
<testsuite hostname="Rajaneesh" failures="0" tests="1" name="api.test.TC0003_api" time="1.560" errors="0" timestamp="2024-07-23T21:29:15 IST" skipped="0">
  <testcase classname="api.test.TC0003_api" name="Creating_Data_through_API" time="1.560"/>
</testsuite> <!-- api.test.TC0003_api -->
