<?xml version="1.0" encoding="UTF-8"?>
<!-- Generated by org.testng.reporters.JUnitReportReporter -->
<testsuite hostname="Rajaneesh" failures="0" tests="1" name="web.test.TC010_BookingForm" time="64.632" errors="0" timestamp="2024-07-27T12:42:11 IST" skipped="0">
  <testcase classname="web.test.TC010_BookingForm" name="Updating_leadStatus_as_Booked_by_filling_BookingForm_and_cancelling_Booking" time="64.632"/>
</testsuite> <!-- web.test.TC010_BookingForm -->
