<?xml version="1.0" encoding="UTF-8"?>
<!-- Generated by org.testng.reporters.JUnitReportReporter -->
<testsuite hostname="Rajaneesh" failures="0" tests="1" name="web.test.TC002_AddData" time="31.932" errors="0" timestamp="2024-07-21T19:20:19 IST" skipped="0">
  <testcase classname="web.test.TC002_AddData" name="addingData" time="31.932"/>
</testsuite> <!-- web.test.TC002_AddData -->
