<?xml version="1.0" encoding="UTF-8"?>
<!-- Generated by org.testng.reporters.JUnitReportReporter -->
<testsuite hostname="Rajaneesh" failures="0" tests="1" name="web.test.TC005_Meeting" time="25.741" errors="0" timestamp="2024-07-23T00:02:33 IST" skipped="0">
  <testcase classname="web.test.TC005_Meeting" name="callbackStatus" time="25.741"/>
</testsuite> <!-- web.test.TC005_Meeting -->
