<?xml version="1.0" encoding="UTF-8"?>
<!-- Generated by org.testng.reporters.JUnitReportReporter -->
<testsuite hostname="Rajaneesh" failures="0" tests="1" name="mob.test.TC0001_mob" time="25.706" errors="0" timestamp="2024-05-07T21:05:12 IST" skipped="0">
  <testcase classname="mob.test.TC0001_mob" name="loginTest" time="25.706"/>
  <system-out/>
</testsuite> <!-- mob.test.TC0001_mob -->
