<?xml version="1.0" encoding="UTF-8"?>
<!-- Generated by org.testng.reporters.JUnitReportReporter -->
<testsuite hostname="Rajaneesh" failures="0" tests="1" name="api.test.TC0002_api" time="2.198" errors="0" timestamp="2024-07-25T23:27:39 IST" skipped="0">
  <testcase classname="api.test.TC0002_api" name="Creating_Lead_through_API" time="2.198"/>
</testsuite> <!-- api.test.TC0002_api -->
