<?xml version="1.0" encoding="UTF-8"?>
<!-- Generated by org.testng.reporters.JUnitReportReporter -->
<testsuite hostname="Rajaneesh" failures="0" tests="1" name="testCases.dummy" time="13.849" errors="0" timestamp="2024-03-26T21:52:21 IST" skipped="0">
  <testcase classname="testCases.dummy" name="dummyrun" time="13.849"/>
  <system-out/>
</testsuite> <!-- testCases.dummy -->
