<?xml version="1.0" encoding="UTF-8"?>
<!-- Generated by org.testng.reporters.JUnitReportReporter -->
<testsuite hostname="Rajaneesh" failures="0" tests="11" name="api.test.TC0001_api" time="20.276" errors="0" timestamp="2024-06-13T21:04:25 IST" skipped="1">
  <testcase classname="api.test.TC0001_api" name="microsoftAds" time="1.204"/>
  <testcase classname="api.test.TC0001_api" name="magicBricks" time="1.732"/>
  <testcase classname="api.test.TC0001_api" name="NinetyNineAcres" time="1.474"/>
  <testcase classname="api.test.TC0001_api" name="website" time="1.506"/>
  <testcase classname="api.test.TC0001_api" name="commonFloor" time="1.210"/>
  <testcase classname="api.test.TC0001_api" name="Housing" time="7.787"/>
  <testcase classname="api.test.TC0001_api" name="roofFloor" time="1.237"/>
  <testcase classname="api.test.TC0001_api" name="googleAds" time="1.544"/>
  <testcase classname="api.test.TC0001_api" name="estateDekho" time="1.348"/>
  <testcase classname="api.test.TC0001_api" name="quikrHomes" time="1.234"/>
  <testcase classname="api.test.TC0001_api" name="realestaeIndia">
    <skipped/>
  </testcase> <!-- realestaeIndia -->
</testsuite> <!-- api.test.TC0001_api -->
