<?xml version="1.0" encoding="UTF-8"?>
<!-- Generated by org.testng.reporters.JUnitReportReporter -->
<testsuite hostname="Rajaneesh" failures="0" tests="5" name="testCases.TC_DDTTest_002" time="45.224" errors="0" timestamp="2024-04-23T17:34:54 IST" skipped="0">
  <testcase classname="testCases.TC_DDTTest_002" name="LoginDDt" time="7.226"/>
  <system-out/>
  <testcase classname="testCases.TC_DDTTest_002" name="LoginDDt" time="15.704"/>
  <system-out/>
  <testcase classname="testCases.TC_DDTTest_002" name="LoginDDt" time="8.404"/>
  <system-out/>
  <testcase classname="testCases.TC_DDTTest_002" name="LoginDDt" time="7.051"/>
  <system-out/>
  <testcase classname="testCases.TC_DDTTest_002" name="LoginDDt" time="6.839"/>
  <system-out/>
</testsuite> <!-- testCases.TC_DDTTest_002 -->
