<?xml version="1.0" encoding="UTF-8"?>
<!-- Generated by org.testng.reporters.JUnitReportReporter -->
<testsuite hostname="Rajaneesh" failures="0" tests="5" name="testCases.TC_DDTTest_002" time="51.818" errors="0" timestamp="2024-05-07T13:09:04 IST" skipped="0">
  <testcase classname="testCases.TC_DDTTest_002" name="LoginDDt" time="5.539"/>
  <system-out/>
  <testcase classname="testCases.TC_DDTTest_002" name="LoginDDt" time="7.335"/>
  <system-out/>
  <testcase classname="testCases.TC_DDTTest_002" name="LoginDDt" time="4.540"/>
  <system-out/>
  <testcase classname="testCases.TC_DDTTest_002" name="LoginDDt" time="9.650"/>
  <system-out/>
  <testcase classname="testCases.TC_DDTTest_002" name="LoginDDt" time="24.754"/>
  <system-out/>
</testsuite> <!-- testCases.TC_DDTTest_002 -->
