<?xml version="1.0" encoding="UTF-8"?>
<!-- Generated by org.testng.reporters.JUnitReportReporter -->
<testsuite hostname="Rajaneesh" failures="0" tests="2" name="api.test.TC0005_api" time="7.788" errors="0" timestamp="2024-09-26T08:33:31 IST" skipped="0">
  <testcase classname="api.test.TC0005_api" name="Creating_a_Property_through_API" time="5.303"/>
  <testcase classname="api.test.TC0005_api" name="Adding_more_info_to_the_property" time="2.485"/>
</testsuite> <!-- api.test.TC0005_api -->
