<?xml version="1.0" encoding="UTF-8"?>
<!-- Generated by org.testng.reporters.JUnitReportReporter -->
<testsuite hostname="Rajaneesh" failures="0" tests="1" name="web.test.TC006_StatusUpdate" time="33.114" errors="0" timestamp="2024-07-21T18:35:35 IST" skipped="0">
  <testcase classname="web.test.TC006_StatusUpdate" name="callbackStatus" time="33.114"/>
</testsuite> <!-- web.test.TC006_StatusUpdate -->
