<?xml version="1.0" encoding="UTF-8"?>
<!-- Generated by org.testng.reporters.JUnitReportReporter -->
<testsuite hostname="Rajaneesh" failures="0" tests="1" name="web.test.TC001_AddLeadexcel" time="26.079" errors="0" timestamp="2024-07-10T19:30:21 IST" skipped="0">
  <testcase classname="web.test.TC001_AddLeadexcel" name="addingLead" time="26.079"/>
</testsuite> <!-- web.test.TC001_AddLeadexcel -->
