<?xml version="1.0" encoding="UTF-8"?>
<!-- Generated by org.testng.reporters.JUnitReportReporter -->
<testsuite hostname="Rajaneesh" failures="0" tests="4" name="web.test.TC003_dpTest" time="28.115" errors="0" timestamp="2024-07-14T20:25:34 IST" skipped="0">
  <testcase classname="web.test.TC003_dpTest" name="LoginDDt" time="5.451"/>
  <testcase classname="web.test.TC003_dpTest" name="LoginDDt" time="5.838"/>
  <testcase classname="web.test.TC003_dpTest" name="LoginDDt" time="5.341"/>
  <testcase classname="web.test.TC003_dpTest" name="LoginDDt" time="11.485"/>
</testsuite> <!-- web.test.TC003_dpTest -->
