<?xml version="1.0" encoding="UTF-8"?>
<!-- Generated by org.testng.reporters.JUnitReportReporter -->
<testsuite hostname="Rajaneesh" failures="0" tests="5" name="api.test.TC0004_api" time="3.864" errors="0" timestamp="2024-07-21T19:20:19 IST" skipped="0">
  <testcase classname="api.test.TC0004_api" name="testProject" time="1.288"/>
  <testcase classname="api.test.TC0004_api" name="testUnit" time="0.522"/>
  <testcase classname="api.test.TC0004_api" name="testBlock" time="0.297"/>
  <testcase classname="api.test.TC0004_api" name="testAmenity" time="1.362"/>
  <testcase classname="api.test.TC0004_api" name="testGallery" time="0.395"/>
</testsuite> <!-- api.test.TC0004_api -->
