<?xml version="1.0" encoding="UTF-8"?>
<!-- Generated by org.testng.reporters.JUnitReportReporter -->
<testsuite hostname="Rajaneesh" failures="0" tests="1" name="web.test.TC002_AddData" time="27.470" errors="0" timestamp="2024-07-05T17:30:29 IST" skipped="0">
  <testcase classname="web.test.TC002_AddData" name="addingData" time="27.470"/>
</testsuite> <!-- web.test.TC002_AddData -->
