<?xml version="1.0" encoding="UTF-8"?>
<!-- Generated by org.testng.reporters.JUnitReportReporter -->
<testsuite hostname="Rajaneesh" failures="0" tests="5" name="api.test.TC0004_api" time="4.945" errors="0" timestamp="2024-06-13T21:04:25 IST" skipped="0">
  <testcase classname="api.test.TC0004_api" name="testProject" time="1.333"/>
  <testcase classname="api.test.TC0004_api" name="testUnit" time="1.557"/>
  <testcase classname="api.test.TC0004_api" name="testBlock" time="0.370"/>
  <testcase classname="api.test.TC0004_api" name="testAmenity" time="1.345"/>
  <testcase classname="api.test.TC0004_api" name="testGallery" time="0.340"/>
</testsuite> <!-- api.test.TC0004_api -->
