<?xml version="1.0" encoding="UTF-8"?>
<!-- Generated by org.testng.reporters.JUnitReportReporter -->
<testsuite hostname="Rajaneesh" failures="0" tests="5" name="web.test.TC_DDTTest_002" time="84.583" errors="0" timestamp="2024-06-13T19:55:52 IST" skipped="0">
  <testcase classname="web.test.TC_DDTTest_002" name="LoginDDt" time="25.498"/>
  <testcase classname="web.test.TC_DDTTest_002" name="LoginDDt" time="9.033"/>
  <testcase classname="web.test.TC_DDTTest_002" name="LoginDDt" time="28.337"/>
  <testcase classname="web.test.TC_DDTTest_002" name="LoginDDt" time="5.475"/>
  <testcase classname="web.test.TC_DDTTest_002" name="LoginDDt" time="16.240"/>
</testsuite> <!-- web.test.TC_DDTTest_002 -->
