<?xml version="1.0" encoding="UTF-8"?>
<!-- Generated by org.testng.reporters.JUnitReportReporter -->
<testsuite hostname="Rajaneesh" failures="0" tests="1" name="api.test.TC0003_api" time="2.061" errors="0" timestamp="2024-04-26T11:09:06 IST" skipped="0">
  <testcase classname="api.test.TC0003_api" name="adddata" time="2.061"/>
  <system-out/>
</testsuite> <!-- api.test.TC0003_api -->
