<?xml version="1.0" encoding="UTF-8"?>
<!-- Generated by org.testng.reporters.JUnitReportReporter -->
<testsuite hostname="Rajaneesh" failures="0" tests="11" name="api.test.TC0001_api" time="41.208" errors="0" timestamp="2024-04-26T11:09:06 IST" skipped="1">
  <testcase classname="api.test.TC0001_api" name="website" time="2.861"/>
  <system-out/>
  <testcase classname="api.test.TC0001_api" name="estateDekho" time="3.289"/>
  <system-out/>
  <testcase classname="api.test.TC0001_api" name="quikrHomes" time="8.093"/>
  <system-out/>
  <testcase classname="api.test.TC0001_api" name="microsoftAds" time="3.061"/>
  <system-out/>
  <testcase classname="api.test.TC0001_api" name="googleAds" time="3.070"/>
  <system-out/>
  <testcase classname="api.test.TC0001_api" name="Housing" time="6.877"/>
  <system-out/>
  <testcase classname="api.test.TC0001_api" name="NinetyNineAcres" time="2.533"/>
  <system-out/>
  <testcase classname="api.test.TC0001_api" name="commonFloor" time="3.259"/>
  <system-out/>
  <testcase classname="api.test.TC0001_api" name="magicBricks" time="3.056"/>
  <system-out/>
  <testcase classname="api.test.TC0001_api" name="roofFloor" time="5.109"/>
  <system-out/>
  <testcase classname="api.test.TC0001_api" name="realestaeIndia">
    <skipped/>
  </testcase> <!-- realestaeIndia -->
  <system-out/>
</testsuite> <!-- api.test.TC0001_api -->
