<?xml version="1.0" encoding="UTF-8"?>
<!-- Generated by org.testng.reporters.JUnitReportReporter -->
<testsuite hostname="Rajaneesh" failures="0" tests="1" name="web.test.TC006_SiteVisit" time="31.232" errors="0" timestamp="2024-07-26T21:35:28 IST" skipped="0">
  <testcase classname="web.test.TC006_SiteVisit" name="Scheduling_a_SiteVisit_and_Marking_it_as_Done" time="31.232"/>
</testsuite> <!-- web.test.TC006_SiteVisit -->
