<?xml version="1.0" encoding="UTF-8"?>
<!-- Generated by org.testng.reporters.JUnitReportReporter -->
<testsuite hostname="Rajaneesh" failures="0" tests="5" name="web.test.TC003_dpTest" time="67.722" errors="0" timestamp="2024-06-13T21:04:25 IST" skipped="0">
  <testcase classname="web.test.TC003_dpTest" name="LoginDDt" time="4.222"/>
  <testcase classname="web.test.TC003_dpTest" name="LoginDDt" time="7.183"/>
  <testcase classname="web.test.TC003_dpTest" name="LoginDDt" time="29.073"/>
  <testcase classname="web.test.TC003_dpTest" name="LoginDDt" time="4.636"/>
  <testcase classname="web.test.TC003_dpTest" name="LoginDDt" time="22.608"/>
</testsuite> <!-- web.test.TC003_dpTest -->
