<?xml version="1.0" encoding="UTF-8"?>
<!-- Generated by org.testng.reporters.JUnitReportReporter -->
<testsuite hostname="Rajaneesh" failures="0" tests="5" name="web.test.TC003_dpTest" time="117.292" errors="0" timestamp="2024-07-05T17:37:16 IST" skipped="0">
  <testcase classname="web.test.TC003_dpTest" name="LoginDDt" time="29.951"/>
  <testcase classname="web.test.TC003_dpTest" name="LoginDDt" time="25.781"/>
  <testcase classname="web.test.TC003_dpTest" name="LoginDDt" time="26.844"/>
  <testcase classname="web.test.TC003_dpTest" name="LoginDDt" time="7.602"/>
  <testcase classname="web.test.TC003_dpTest" name="LoginDDt" time="27.114"/>
</testsuite> <!-- web.test.TC003_dpTest -->
