<?xml version="1.0" encoding="UTF-8"?>
<!-- Generated by org.testng.reporters.JUnitReportReporter -->
<testsuite hostname="Rajaneesh" failures="0" tests="1" name="web.test.TC001_AddLead" time="28.630" errors="0" timestamp="2024-07-08T22:28:24 IST" skipped="0">
  <testcase classname="web.test.TC001_AddLead" name="addingLead" time="28.630"/>
</testsuite> <!-- web.test.TC001_AddLead -->
