<?xml version="1.0" encoding="UTF-8"?>
<!-- Generated by org.testng.reporters.JUnitReportReporter -->
<testsuite hostname="Rajaneesh" failures="0" tests="1" name="web.test.TC004_Callback" time="24.299" errors="0" timestamp="2024-07-21T19:20:19 IST" skipped="0">
  <testcase classname="web.test.TC004_Callback" name="callbackStatus" time="24.299"/>
</testsuite> <!-- web.test.TC004_Callback -->
