<?xml version="1.0" encoding="UTF-8"?>
<!-- Generated by org.testng.reporters.JUnitReportReporter -->
<testsuite hostname="Rajaneesh" failures="0" tests="1" name="web.test.TC001_AddLead" time="20.127" errors="0" timestamp="2024-06-13T21:04:25 IST" skipped="0">
  <testcase classname="web.test.TC001_AddLead" name="addingLead" time="20.127"/>
</testsuite> <!-- web.test.TC001_AddLead -->
