<?xml version="1.0" encoding="UTF-8"?>
<!-- Generated by org.testng.reporters.JUnitReportReporter -->
<testsuite hostname="Rajaneesh" failures="0" tests="4" name="web.test.TC003_dpTest" time="25.214" errors="0" timestamp="2024-07-23T00:02:33 IST" skipped="0">
  <testcase classname="web.test.TC003_dpTest" name="LoginDDt" time="4.222"/>
  <testcase classname="web.test.TC003_dpTest" name="LoginDDt" time="10.288"/>
  <testcase classname="web.test.TC003_dpTest" name="LoginDDt" time="6.204"/>
  <testcase classname="web.test.TC003_dpTest" name="LoginDDt" time="4.500"/>
</testsuite> <!-- web.test.TC003_dpTest -->
