<?xml version="1.0" encoding="UTF-8"?>
<!-- Generated by org.testng.reporters.JUnitReportReporter -->
<testsuite hostname="Rajaneesh" failures="0" tests="1" name="api.test.TC0002_api" time="4.311" errors="0" timestamp="2024-06-13T21:04:25 IST" skipped="0">
  <testcase classname="api.test.TC0002_api" name="addLead" time="4.311"/>
</testsuite> <!-- api.test.TC0002_api -->
