<?xml version="1.0" encoding="UTF-8"?>
<!-- Generated by org.testng.reporters.JUnitReportReporter -->
<testsuite hostname="Rajaneesh" failures="0" tests="1" name="web.test.TC009_EOP" time="16.489" errors="0" timestamp="2024-08-08T21:57:54 IST" skipped="0">
  <testcase classname="web.test.TC009_EOP" name="Updating_LeadStatus_to_ExpressionofInterest" time="16.489"/>
</testsuite> <!-- web.test.TC009_EOP -->
