<?xml version="1.0" encoding="UTF-8"?>
<!-- Generated by org.testng.reporters.JUnitReportReporter -->
<testsuite hostname="Rajaneesh" failures="0" tests="1" name="testCases.dummy" time="11.350" errors="0" timestamp="2024-05-07T13:10:02 IST" skipped="0">
  <testcase classname="testCases.dummy" name="dummyrun" time="11.350"/>
  <system-out/>
</testsuite> <!-- testCases.dummy -->
