<?xml version="1.0" encoding="UTF-8"?>
<!-- Generated by org.testng.reporters.JUnitReportReporter -->
<testsuite hostname="Rajaneesh" failures="0" tests="5" name="api.test.TC0004_api" time="3.869" errors="0" timestamp="2024-05-05T21:38:42 IST" skipped="0">
  <testcase classname="api.test.TC0004_api" name="testProject" time="1.221"/>
  <system-out/>
  <testcase classname="api.test.TC0004_api" name="testUnit" time="0.638"/>
  <system-out/>
  <testcase classname="api.test.TC0004_api" name="testBlock" time="0.347"/>
  <system-out/>
  <testcase classname="api.test.TC0004_api" name="testAmenity" time="1.357"/>
  <system-out/>
  <testcase classname="api.test.TC0004_api" name="testGallery" time="0.306"/>
  <system-out/>
</testsuite> <!-- api.test.TC0004_api -->
