<?xml version="1.0" encoding="UTF-8"?>
<!-- Generated by org.testng.reporters.JUnitReportReporter -->
<testsuite hostname="Rajaneesh" failures="0" tests="2" name="web.test.TC010_BookingForm" time="110.429" errors="0" timestamp="2024-07-27T19:59:19 IST" skipped="1">
  <testcase classname="web.test.TC010_BookingForm" name="Updating_leadStatus_as_Booked_by_filling_BookingForm_and_cancelling_Booking" time="61.977"/>
  <testcase classname="web.test.TC010_BookingForm" name="Updating_leadStatus_as_Booked_by_filling_BookingForm_and_cancelling_Booking" time="48.452">
    <skipped/>
  </testcase> <!-- Updating_leadStatus_as_Booked_by_filling_BookingForm_and_cancelling_Booking -->
</testsuite> <!-- web.test.TC010_BookingForm -->
