<?xml version="1.0" encoding="UTF-8"?>
<!-- Generated by org.testng.reporters.JUnitReportReporter -->
<testsuite hostname="Rajaneesh" failures="0" tests="1" name="web.test.logintest" time="8.532" errors="0" timestamp="2024-07-08T21:59:54 IST" skipped="0">
  <testcase classname="web.test.logintest" name="login" time="8.532"/>
</testsuite> <!-- web.test.logintest -->
