<?xml version="1.0" encoding="UTF-8"?>
<!-- Generated by org.testng.reporters.JUnitReportReporter -->
<testsuite hostname="Rajaneesh" failures="0" tests="1" name="asdf" time="0.017" errors="0" timestamp="2024-02-18T21:51:46 IST" skipped="0">
  <testcase classname="asdf" name="sample" time="0.017"/>
</testsuite> <!-- asdf -->
