<?xml version="1.0" encoding="UTF-8"?>
<!-- Generated by org.testng.reporters.JUnitReportReporter -->
<testsuite hostname="Rajaneesh" failures="0" tests="2" name="api.test.TC0005_api" time="9.896" errors="0" timestamp="2024-06-13T21:15:24 IST" skipped="0">
  <testcase classname="api.test.TC0005_api" name="testProperty" time="7.440"/>
  <testcase classname="api.test.TC0005_api" name="moreInfo" time="2.456"/>
</testsuite> <!-- api.test.TC0005_api -->
