<?xml version="1.0" encoding="UTF-8"?>
<!-- Generated by org.testng.reporters.JUnitReportReporter -->
<testsuite hostname="Rajaneesh" failures="0" tests="1" name="api.test.TC0002_api" time="1.605" errors="0" timestamp="2024-07-23T21:29:15 IST" skipped="0">
  <testcase classname="api.test.TC0002_api" name="Creating_Lead_through_API" time="1.605"/>
</testsuite> <!-- api.test.TC0002_api -->
