<?xml version="1.0" encoding="UTF-8"?>
<!-- Generated by org.testng.reporters.JUnitReportReporter -->
<testsuite hostname="Rajaneesh" failures="0" tests="1" name="testCases.Tc001_AddLead" time="23.399" errors="0" timestamp="2024-04-24T17:01:06 IST" skipped="0">
  <testcase classname="testCases.Tc001_AddLead" name="addingLead" time="23.399"/>
</testsuite> <!-- testCases.Tc001_AddLead -->
