<?xml version="1.0" encoding="UTF-8"?>
<!-- Generated by org.testng.reporters.JUnitReportReporter -->
<testsuite hostname="Rajaneesh" failures="0" tests="1" name="testCases.Tc001_AddLead" time="19.866" errors="0" timestamp="2024-03-11T22:59:56 IST" skipped="0">
  <testcase classname="testCases.Tc001_AddLead" name="addingLead" time="19.866"/>
</testsuite> <!-- testCases.Tc001_AddLead -->
