<?xml version="1.0" encoding="UTF-8"?>
<!-- Generated by org.testng.reporters.JUnitReportReporter -->
<testsuite hostname="Rajaneesh" failures="0" tests="5" name="api.test.TC0004_api" time="4.241" errors="0" timestamp="2024-05-25T11:32:14 IST" skipped="0">
  <testcase classname="api.test.TC0004_api" name="testProject" time="1.245"/>
  <system-out/>
  <testcase classname="api.test.TC0004_api" name="testUnit" time="0.714"/>
  <system-out/>
  <testcase classname="api.test.TC0004_api" name="testBlock" time="0.500"/>
  <system-out/>
  <testcase classname="api.test.TC0004_api" name="testAmenity" time="1.421"/>
  <system-out/>
  <testcase classname="api.test.TC0004_api" name="testGallery" time="0.361"/>
  <system-out/>
</testsuite> <!-- api.test.TC0004_api -->
