<?xml version="1.0" encoding="UTF-8"?>
<!-- Generated by org.testng.reporters.JUnitReportReporter -->
<testsuite hostname="Rajaneesh" failures="0" tests="1" name="api.test.TC0003_api" time="1.766" errors="0" timestamp="2024-04-26T14:38:29 IST" skipped="0">
  <testcase classname="api.test.TC0003_api" name="adddata" time="1.766"/>
</testsuite> <!-- api.test.TC0003_api -->
