<?xml version="1.0" encoding="UTF-8"?>
<!-- Generated by org.testng.reporters.JUnitReportReporter -->
<testsuite hostname="Rajaneesh" failures="0" tests="1" name="api.test.TC0002_api" time="7.549" errors="0" timestamp="2024-05-22T23:08:45 IST" skipped="0">
  <testcase classname="api.test.TC0002_api" name="addLead" time="7.549"/>
  <system-out/>
</testsuite> <!-- api.test.TC0002_api -->
