<?xml version="1.0" encoding="UTF-8"?>
<!-- Generated by org.testng.reporters.JUnitReportReporter -->
<testsuite hostname="Rajaneesh" failures="0" tests="11" name="api.test.TC0001_api" time="41.444" errors="0" timestamp="2024-04-26T14:38:29 IST" skipped="1">
  <testcase classname="api.test.TC0001_api" name="Housing" time="6.001"/>
  <testcase classname="api.test.TC0001_api" name="quikrHomes" time="2.901"/>
  <testcase classname="api.test.TC0001_api" name="commonFloor" time="3.053"/>
  <testcase classname="api.test.TC0001_api" name="roofFloor" time="6.449"/>
  <testcase classname="api.test.TC0001_api" name="microsoftAds" time="7.666"/>
  <testcase classname="api.test.TC0001_api" name="magicBricks" time="1.750"/>
  <testcase classname="api.test.TC0001_api" name="website" time="5.930"/>
  <testcase classname="api.test.TC0001_api" name="googleAds" time="2.720"/>
  <testcase classname="api.test.TC0001_api" name="NinetyNineAcres" time="2.593"/>
  <testcase classname="api.test.TC0001_api" name="estateDekho" time="2.381"/>
  <testcase classname="api.test.TC0001_api" name="realestaeIndia">
    <skipped/>
  </testcase> <!-- realestaeIndia -->
</testsuite> <!-- api.test.TC0001_api -->
