<?xml version="1.0" encoding="UTF-8"?>
<!-- Generated by org.testng.reporters.JUnitReportReporter -->
<testsuite hostname="Rajaneesh" failures="0" tests="5" name="api.test.TC0004_api" time="4.825" errors="0" timestamp="2024-05-22T23:08:45 IST" skipped="0">
  <testcase classname="api.test.TC0004_api" name="testProject" time="1.387"/>
  <system-out/>
  <testcase classname="api.test.TC0004_api" name="testUnit" time="0.757"/>
  <system-out/>
  <testcase classname="api.test.TC0004_api" name="testBlock" time="0.590"/>
  <system-out/>
  <testcase classname="api.test.TC0004_api" name="testAmenity" time="1.503"/>
  <system-out/>
  <testcase classname="api.test.TC0004_api" name="testGallery" time="0.588"/>
  <system-out/>
</testsuite> <!-- api.test.TC0004_api -->
