<?xml version="1.0" encoding="UTF-8"?>
<!-- Generated by org.testng.reporters.JUnitReportReporter -->
<testsuite hostname="Rajaneesh" failures="0" tests="1" name="api.test.TC0002_api" time="6.450" errors="0" timestamp="2024-05-25T16:02:09 IST" skipped="0">
  <testcase classname="api.test.TC0002_api" name="addLead" time="6.450"/>
  <system-out/>
</testsuite> <!-- api.test.TC0002_api -->
