<?xml version="1.0" encoding="UTF-8"?>
<!-- Generated by org.testng.reporters.JUnitReportReporter -->
<testsuite hostname="Rajaneesh" failures="0" tests="2" name="api.test.TC0005_api" time="5.318" errors="0" timestamp="2024-05-22T23:08:45 IST" skipped="0">
  <testcase classname="api.test.TC0005_api" name="testProperty" time="2.335"/>
  <system-out/>
  <testcase classname="api.test.TC0005_api" name="moreInfo" time="2.983"/>
  <system-out/>
</testsuite> <!-- api.test.TC0005_api -->
