<?xml version="1.0" encoding="UTF-8"?>
<!-- Generated by org.testng.reporters.JUnitReportReporter -->
<testsuite hostname="Rajaneesh" failures="0" tests="2" name="api.test.TC0005_api" time="4.130" errors="0" timestamp="2024-05-25T16:02:09 IST" skipped="0">
  <testcase classname="api.test.TC0005_api" name="testProperty" time="1.469"/>
  <system-out/>
  <testcase classname="api.test.TC0005_api" name="moreInfo" time="2.661"/>
  <system-out/>
</testsuite> <!-- api.test.TC0005_api -->
